Using pre-set license
Built from '2020.3/staging' branch; Version is '2020.3.20f1 (41c4e627c95f) revision 4310246'; Using compiler version '192528614'; Build Type 'Release'
OS: 'Windows 10 Pro; OS build 19043.1348; Version 2009; 64bit' Language: 'es' Physical Memory: 8021 MB
BatchMode: 1, IsHumanControllingUs: 0, StartBugReporterOnCrash: 0, Is64bit: 1, IsPro: 0

COMMAND LINE ARGUMENTS:
C:\Program Files\Unity\Hub\Editor\2020.3.20f1\Editor\Unity.exe
-adb2
-batchMode
-noUpm
-name
AssetImportWorker0
-projectPath
C:/Users/aruiz/Documents/GitHub/PokeAdventure-Unity
-logFile
Logs/AssetImportWorker0.log
-srvPort
57114
Successfully changed project path to: C:/Users/aruiz/Documents/GitHub/PokeAdventure-Unity
C:/Users/aruiz/Documents/GitHub/PokeAdventure-Unity
Using Asset Import Pipeline V2.
Refreshing native plugins compatible for Editor in 60.03 ms, found 3 plugins.
Preloading 0 native plugins for Editor in 0.00 ms.
Initialize engine version: 2020.3.20f1 (41c4e627c95f)
[Subsystems] Discovering subsystems at path C:/Program Files/Unity/Hub/Editor/2020.3.20f1/Editor/Data/Resources/UnitySubsystems
[Subsystems] Discovering subsystems at path C:/Users/aruiz/Documents/GitHub/PokeAdventure-Unity/Assets
GfxDevice: creating device client; threaded=0
Direct3D:
    Version:  Direct3D 11.0 [level 11.1]
    Renderer: Intel(R) UHD Graphics 630 (ID=0x9bc8)
    Vendor:   
    VRAM:     4010 MB
    Driver:   27.20.100.9316
Initialize mono
Mono path[0] = 'C:/Program Files/Unity/Hub/Editor/2020.3.20f1/Editor/Data/Managed'
Mono path[1] = 'C:/Program Files/Unity/Hub/Editor/2020.3.20f1/Editor/Data/MonoBleedingEdge/lib/mono/unityjit'
Mono config path = 'C:/Program Files/Unity/Hub/Editor/2020.3.20f1/Editor/Data/MonoBleedingEdge/etc'
Using monoOptions --debugger-agent=transport=dt_socket,embedding=1,server=y,suspend=n,address=127.0.0.1:56504
Begin MonoManager ReloadAssembly
Registering precompiled unity dll's ...
Register platform support module: C:/Program Files/Unity/Hub/Editor/2020.3.20f1/Editor/Data/PlaybackEngines/WindowsStandaloneSupport/UnityEditor.WindowsStandalone.Extensions.dll
Registered in 0.001435 seconds.
Native extension for WindowsStandalone target not found
Refreshing native plugins compatible for Editor in 58.95 ms, found 3 plugins.
Preloading 0 native plugins for Editor in 0.00 ms.
Mono: successfully reloaded assembly
- Completed reload, in  0.905 seconds
Domain Reload Profiling:
	ReloadAssembly (905ms)
		BeginReloadAssembly (45ms)
			ExecutionOrderSort (0ms)
			DisableScriptedObjects (0ms)
			BackupInstance (0ms)
			ReleaseScriptingObjects (0ms)
			CreateAndSetChildDomain (1ms)
		EndReloadAssembly (380ms)
			LoadAssemblies (43ms)
			RebuildTransferFunctionScriptingTraits (0ms)
			SetupTypeCache (128ms)
			ReleaseScriptCaches (0ms)
			RebuildScriptCaches (26ms)
			SetupLoadedEditorAssemblies (168ms)
				LogAssemblyErrors (0ms)
				InitializePlatformSupportModulesInManaged (3ms)
				SetLoadedEditorAssemblies (0ms)
				RefreshPlugins (59ms)
				BeforeProcessingInitializeOnLoad (14ms)
				ProcessInitializeOnLoadAttributes (67ms)
				ProcessInitializeOnLoadMethodAttributes (24ms)
				AfterProcessingInitializeOnLoad (0ms)
				EditorAssembliesLoaded (0ms)
			ExecutionOrderSort2 (0ms)
			AwakeInstancesAfterBackupRestoration (0ms)
Platform modules already initialized, skipping
Registering precompiled user dll's ...
Registered in 0.002912 seconds.
Begin MonoManager ReloadAssembly
Native extension for WindowsStandalone target not found
Refreshing native plugins compatible for Editor in 59.53 ms, found 3 plugins.
Preloading 0 native plugins for Editor in 0.00 ms.
Mono: successfully reloaded assembly
- Completed reload, in  1.060 seconds
Domain Reload Profiling:
	ReloadAssembly (1061ms)
		BeginReloadAssembly (124ms)
			ExecutionOrderSort (0ms)
			DisableScriptedObjects (4ms)
			BackupInstance (0ms)
			ReleaseScriptingObjects (0ms)
			CreateAndSetChildDomain (15ms)
		EndReloadAssembly (884ms)
			LoadAssemblies (79ms)
			RebuildTransferFunctionScriptingTraits (0ms)
			SetupTypeCache (286ms)
			ReleaseScriptCaches (1ms)
			RebuildScriptCaches (55ms)
			SetupLoadedEditorAssemblies (348ms)
				LogAssemblyErrors (0ms)
				InitializePlatformSupportModulesInManaged (3ms)
				SetLoadedEditorAssemblies (1ms)
				RefreshPlugins (60ms)
				BeforeProcessingInitializeOnLoad (90ms)
				ProcessInitializeOnLoadAttributes (178ms)
				ProcessInitializeOnLoadMethodAttributes (12ms)
				AfterProcessingInitializeOnLoad (5ms)
				EditorAssembliesLoaded (0ms)
			ExecutionOrderSort2 (0ms)
			AwakeInstancesAfterBackupRestoration (6ms)
Platform modules already initialized, skipping
========================================================================
Worker process is ready to serve import requests
Launched and connected shader compiler UnityShaderCompiler.exe after 0.06 seconds
Refreshing native plugins compatible for Editor in 0.63 ms, found 3 plugins.
Preloading 0 native plugins for Editor in 0.00 ms.
Unloading 3244 Unused Serialized files (Serialized files now loaded: 0)
System memory in use before: 141.6 MB.
System memory in use after: 141.8 MB.

Unloading 27 unused Assets to reduce memory usage. Loaded Objects now: 3686.
Total: 3.109800 ms (FindLiveObjects: 0.268600 ms CreateObjectMapping: 0.124100 ms MarkObjects: 2.618900 ms  DeleteObjects: 0.097500 ms)

AssetImportParameters requested are different than current active one (requested -> active):
  custom:framework-win-MediaFoundation: 216162199b28c13a410421893ffa2e32 -> 
  custom:video-decoder-ogg-theora: a1e56fd34408186e4bbccfd4996cb3dc -> 
  custom:container-muxer-webm: aa71ff27fc2769a1b78a27578f13a17b -> 
  custom:container-demuxer-webm: 4f35f7cbe854078d1ac9338744f61a02 -> 
  custom:container-demuxer-ogg: 62fdf1f143b41e24485cea50d1cbac27 -> 
  custom:video-encoder-webm-vp8: eb34c28f22e8b96e1ab97ce403110664 -> 
  custom:video-decoder-webm-vp8: 9c59270c3fd7afecdb556c50c9e8de78 -> 
  custom:audio-decoder-ogg-vorbis: bf7c407c2cedff20999df2af8eb42d56 -> 
  custom:audio-encoder-webm-vorbis: bf7c407c2cedff20999df2af8eb42d56 -> 
========================================================================
Received Import Request.
  path: Assets/Audio/CityScene.mp3
  artifactKey: Guid(a4ebd088a7c9bac448f64fbd095356af) Importer(815301076,1909f56bfc062723c751e8b465ee728b)
Start importing Assets/Audio/CityScene.mp3 using Guid(a4ebd088a7c9bac448f64fbd095356af) Importer(815301076,1909f56bfc062723c751e8b465ee728b)  -> (artifact id: '9d53abb3269ca307bb00a807dd71f74f') in 0.137038 seconds 
  Import took 0.142073 seconds .

========================================================================
Received Import Request.
  Time since last request: 0.000213 seconds.
  path: Assets/Audio/RouteScene.mp3
  artifactKey: Guid(69d2ec5a78a2e4346badbb9cdc5abb62) Importer(815301076,1909f56bfc062723c751e8b465ee728b)
Start importing Assets/Audio/RouteScene.mp3 using Guid(69d2ec5a78a2e4346badbb9cdc5abb62) Importer(815301076,1909f56bfc062723c751e8b465ee728b)  -> (artifact id: '35cfbcadd86416f60a2fcdab7c7148a3') in 0.015863 seconds 
  Import took 0.021001 seconds .

========================================================================
Received Import Request.
  Time since last request: 0.000358 seconds.
  path: Assets/Audio
  artifactKey: Guid(bf88fc2263f1acf4da58c6374b10c78c) Importer(815301076,1909f56bfc062723c751e8b465ee728b)
Start importing Assets/Audio using Guid(bf88fc2263f1acf4da58c6374b10c78c) Importer(815301076,1909f56bfc062723c751e8b465ee728b)  -> (artifact id: '8994f596b112f7e1149bd008c4224222') in 0.006012 seconds 
  Import took 0.011756 seconds .

========================================================================
Received Import Request.
  Time since last request: 0.000202 seconds.
  path: Assets/Audio/Victory Against Wild Pokémon.mp3
  artifactKey: Guid(e580a7f7ba59bc445ac7c96558eb456f) Importer(815301076,1909f56bfc062723c751e8b465ee728b)
Start importing Assets/Audio/Victory Against Wild Pokémon.mp3 using Guid(e580a7f7ba59bc445ac7c96558eb456f) Importer(815301076,1909f56bfc062723c751e8b465ee728b)  -> (artifact id: '864dbf36b59b47019bc4e62c87ecd905') in 0.014469 seconds 
  Import took 0.019948 seconds .

========================================================================
Received Import Request.
  Time since last request: 0.000207 seconds.
  path: Assets/Audio/SnowScene.mp3
  artifactKey: Guid(da1c463bd663f9645a67321bec47c920) Importer(815301076,1909f56bfc062723c751e8b465ee728b)
Start importing Assets/Audio/SnowScene.mp3 using Guid(da1c463bd663f9645a67321bec47c920) Importer(815301076,1909f56bfc062723c751e8b465ee728b)  -> (artifact id: '802e0f5e00e9d107858e2c6eb0b244e6') in 0.014691 seconds 
  Import took 0.020414 seconds .

========================================================================
Received Import Request.
  Time since last request: 0.000268 seconds.
  path: Assets/Audio/Get Item.mp3
  artifactKey: Guid(f7c20befe4c5b534ab040fbbd83b9081) Importer(815301076,1909f56bfc062723c751e8b465ee728b)
Start importing Assets/Audio/Get Item.mp3 using Guid(f7c20befe4c5b534ab040fbbd83b9081) Importer(815301076,1909f56bfc062723c751e8b465ee728b)  -> (artifact id: 'ed397cfefd0db637ce5e0c6a1af53cbb') in 0.015166 seconds 
  Import took 0.021074 seconds .

========================================================================
Received Import Request.
  Time since last request: 0.000254 seconds.
  path: Assets/Audio/Battle Wild Pokemon.mp3
  artifactKey: Guid(847a412f1400fdc498e1ef610048ed37) Importer(815301076,1909f56bfc062723c751e8b465ee728b)
Start importing Assets/Audio/Battle Wild Pokemon.mp3 using Guid(847a412f1400fdc498e1ef610048ed37) Importer(815301076,1909f56bfc062723c751e8b465ee728b)  -> (artifact id: 'd3e38cd5d1d562e89e2dc5fb78174985') in 0.013260 seconds 
  Import took 0.020691 seconds .

========================================================================
Received Import Request.
  Time since last request: 0.000145 seconds.
  path: Assets/Audio/Trainer sees you 3.mp3
  artifactKey: Guid(14d13a4782ca95d4db727b3136c9fef7) Importer(815301076,1909f56bfc062723c751e8b465ee728b)
Start importing Assets/Audio/Trainer sees you 3.mp3 using Guid(14d13a4782ca95d4db727b3136c9fef7) Importer(815301076,1909f56bfc062723c751e8b465ee728b)  -> (artifact id: '9e6baa766d8cde0b9a859819b9c1c4c8') in 0.013280 seconds 
  Import took 0.018455 seconds .

========================================================================
Received Import Request.
  Time since last request: 0.000170 seconds.
  path: Assets/Audio/Trainer sees you 2.mp3
  artifactKey: Guid(5fc355f277728b44fb327c4ccf7c85e1) Importer(815301076,1909f56bfc062723c751e8b465ee728b)
Start importing Assets/Audio/Trainer sees you 2.mp3 using Guid(5fc355f277728b44fb327c4ccf7c85e1) Importer(815301076,1909f56bfc062723c751e8b465ee728b)  -> (artifact id: '8adf327da4a664aab7b823cd7c83060b') in 0.012242 seconds 
  Import took 0.018721 seconds .

========================================================================
Received Import Request.
  Time since last request: 0.000170 seconds.
  path: Assets/Audio/Trainer sees you 4.mp3
  artifactKey: Guid(13db65bbabe861f468129ae05238db78) Importer(815301076,1909f56bfc062723c751e8b465ee728b)
Start importing Assets/Audio/Trainer sees you 4.mp3 using Guid(13db65bbabe861f468129ae05238db78) Importer(815301076,1909f56bfc062723c751e8b465ee728b)  -> (artifact id: '29915ddd0b687ca24805e03438dfb8d5') in 0.013367 seconds 
  Import took 0.019212 seconds .

========================================================================
Received Import Request.
  Time since last request: 0.000186 seconds.
  path: Assets/Audio/Level Up.mp3
  artifactKey: Guid(52d02cf430c37884e9fbe8010fe1c69f) Importer(815301076,1909f56bfc062723c751e8b465ee728b)
Start importing Assets/Audio/Level Up.mp3 using Guid(52d02cf430c37884e9fbe8010fe1c69f) Importer(815301076,1909f56bfc062723c751e8b465ee728b)  -> (artifact id: 'b7720325d7dbd3045922c1c7ab2da870') in 0.012559 seconds 
  Import took 0.018838 seconds .

========================================================================
Received Import Request.
  Time since last request: 0.000255 seconds.
  path: Assets/Audio/Pokemon Center.mp3
  artifactKey: Guid(7135f70b38286bd44b3510cbd0bece7d) Importer(815301076,1909f56bfc062723c751e8b465ee728b)
Start importing Assets/Audio/Pokemon Center.mp3 using Guid(7135f70b38286bd44b3510cbd0bece7d) Importer(815301076,1909f56bfc062723c751e8b465ee728b)  -> (artifact id: '8b2c7ac57774bf5d7a1ff71eef0e6e36') in 0.013978 seconds 
  Import took 0.019648 seconds .

========================================================================
Received Import Request.
  Time since last request: 0.000168 seconds.
  path: Assets/Audio/Trainer sees you.mp3
  artifactKey: Guid(226228f0e78a6054eb11a20e38b4c301) Importer(815301076,1909f56bfc062723c751e8b465ee728b)
Start importing Assets/Audio/Trainer sees you.mp3 using Guid(226228f0e78a6054eb11a20e38b4c301) Importer(815301076,1909f56bfc062723c751e8b465ee728b)  -> (artifact id: '620a2b5d2230f694059f4e7ee05224e4') in 0.011500 seconds 
  Import took 0.018142 seconds .

========================================================================
Received Import Request.
  Time since last request: 0.000265 seconds.
  path: Assets/Audio/Pokemon shop.mp3
  artifactKey: Guid(ad4ca593a6a28b042b303996b2f168b7) Importer(815301076,1909f56bfc062723c751e8b465ee728b)
Start importing Assets/Audio/Pokemon shop.mp3 using Guid(ad4ca593a6a28b042b303996b2f168b7) Importer(815301076,1909f56bfc062723c751e8b465ee728b)  -> (artifact id: 'd40ebe189f84165dd208294326511c10') in 0.012274 seconds 
  Import took 0.020195 seconds .

========================================================================
Received Import Request.
  Time since last request: 5.181904 seconds.
  path: Assets/Scenes/CityScene.unity
  artifactKey: Guid(ffba8410802693e4eb6996a75ca8c021) Importer(815301076,1909f56bfc062723c751e8b465ee728b)
Start importing Assets/Scenes/CityScene.unity using Guid(ffba8410802693e4eb6996a75ca8c021) Importer(815301076,1909f56bfc062723c751e8b465ee728b)  -> (artifact id: 'cbe69efe49a71c836d5488b0c2019587') in 0.006123 seconds 
  Import took 0.011099 seconds .

========================================================================
Received Prepare
Registering precompiled user dll's ...
Registered in 0.002775 seconds.
Begin MonoManager ReloadAssembly
Native extension for WindowsStandalone target not found
Refreshing native plugins compatible for Editor in 0.67 ms, found 3 plugins.
Preloading 0 native plugins for Editor in 0.00 ms.
Mono: successfully reloaded assembly
- Completed reload, in  0.951 seconds
Domain Reload Profiling:
	ReloadAssembly (952ms)
		BeginReloadAssembly (108ms)
			ExecutionOrderSort (0ms)
			DisableScriptedObjects (5ms)
			BackupInstance (0ms)
			ReleaseScriptingObjects (0ms)
			CreateAndSetChildDomain (32ms)
		EndReloadAssembly (791ms)
			LoadAssemblies (79ms)
			RebuildTransferFunctionScriptingTraits (0ms)
			SetupTypeCache (278ms)
			ReleaseScriptCaches (1ms)
			RebuildScriptCaches (39ms)
			SetupLoadedEditorAssemblies (278ms)
				LogAssemblyErrors (0ms)
				InitializePlatformSupportModulesInManaged (4ms)
				SetLoadedEditorAssemblies (0ms)
				RefreshPlugins (1ms)
				BeforeProcessingInitializeOnLoad (86ms)
				ProcessInitializeOnLoadAttributes (177ms)
				ProcessInitializeOnLoadMethodAttributes (5ms)
				AfterProcessingInitializeOnLoad (5ms)
				EditorAssembliesLoaded (0ms)
			ExecutionOrderSort2 (0ms)
			AwakeInstancesAfterBackupRestoration (12ms)
Platform modules already initialized, skipping
Refreshing native plugins compatible for Editor in 0.66 ms, found 3 plugins.
Preloading 0 native plugins for Editor in 0.00 ms.
Unloading 3131 Unused Serialized files (Serialized files now loaded: 0)
System memory in use before: 137.0 MB.
System memory in use after: 137.3 MB.

Unloading 15 unused Assets to reduce memory usage. Loaded Objects now: 3698.
Total: 3.223500 ms (FindLiveObjects: 0.296000 ms CreateObjectMapping: 0.135500 ms MarkObjects: 2.776900 ms  DeleteObjects: 0.014300 ms)

AssetImportParameters requested are different than current active one (requested -> active):
  custom:framework-win-MediaFoundation: 216162199b28c13a410421893ffa2e32 -> 
  custom:video-decoder-ogg-theora: a1e56fd34408186e4bbccfd4996cb3dc -> 
  custom:container-muxer-webm: aa71ff27fc2769a1b78a27578f13a17b -> 
  custom:container-demuxer-webm: 4f35f7cbe854078d1ac9338744f61a02 -> 
  custom:container-demuxer-ogg: 62fdf1f143b41e24485cea50d1cbac27 -> 
  custom:video-encoder-webm-vp8: eb34c28f22e8b96e1ab97ce403110664 -> 
  custom:video-decoder-webm-vp8: 9c59270c3fd7afecdb556c50c9e8de78 -> 
  custom:audio-decoder-ogg-vorbis: bf7c407c2cedff20999df2af8eb42d56 -> 
  custom:audio-encoder-webm-vorbis: bf7c407c2cedff20999df2af8eb42d56 -> 
========================================================================
Received Prepare
Registering precompiled user dll's ...
Registered in 0.002801 seconds.
Begin MonoManager ReloadAssembly
Native extension for WindowsStandalone target not found
Refreshing native plugins compatible for Editor in 0.66 ms, found 3 plugins.
Preloading 0 native plugins for Editor in 0.00 ms.
Mono: successfully reloaded assembly
- Completed reload, in  0.942 seconds
Domain Reload Profiling:
	ReloadAssembly (943ms)
		BeginReloadAssembly (102ms)
			ExecutionOrderSort (0ms)
			DisableScriptedObjects (5ms)
			BackupInstance (0ms)
			ReleaseScriptingObjects (0ms)
			CreateAndSetChildDomain (32ms)
		EndReloadAssembly (789ms)
			LoadAssemblies (76ms)
			RebuildTransferFunctionScriptingTraits (0ms)
			SetupTypeCache (280ms)
			ReleaseScriptCaches (1ms)
			RebuildScriptCaches (40ms)
			SetupLoadedEditorAssemblies (281ms)
				LogAssemblyErrors (0ms)
				InitializePlatformSupportModulesInManaged (4ms)
				SetLoadedEditorAssemblies (0ms)
				RefreshPlugins (1ms)
				BeforeProcessingInitializeOnLoad (86ms)
				ProcessInitializeOnLoadAttributes (180ms)
				ProcessInitializeOnLoadMethodAttributes (5ms)
				AfterProcessingInitializeOnLoad (5ms)
				EditorAssembliesLoaded (0ms)
			ExecutionOrderSort2 (0ms)
			AwakeInstancesAfterBackupRestoration (13ms)
Platform modules already initialized, skipping
Refreshing native plugins compatible for Editor in 0.66 ms, found 3 plugins.
Preloading 0 native plugins for Editor in 0.00 ms.
Unloading 3131 Unused Serialized files (Serialized files now loaded: 0)
System memory in use before: 137.1 MB.
System memory in use after: 137.3 MB.

Unloading 15 unused Assets to reduce memory usage. Loaded Objects now: 3701.
Total: 3.362400 ms (FindLiveObjects: 0.297600 ms CreateObjectMapping: 0.125800 ms MarkObjects: 2.924500 ms  DeleteObjects: 0.013600 ms)

AssetImportParameters requested are different than current active one (requested -> active):
  custom:framework-win-MediaFoundation: 216162199b28c13a410421893ffa2e32 -> 
  custom:video-decoder-ogg-theora: a1e56fd34408186e4bbccfd4996cb3dc -> 
  custom:container-muxer-webm: aa71ff27fc2769a1b78a27578f13a17b -> 
  custom:container-demuxer-webm: 4f35f7cbe854078d1ac9338744f61a02 -> 
  custom:container-demuxer-ogg: 62fdf1f143b41e24485cea50d1cbac27 -> 
  custom:video-encoder-webm-vp8: eb34c28f22e8b96e1ab97ce403110664 -> 
  custom:video-decoder-webm-vp8: 9c59270c3fd7afecdb556c50c9e8de78 -> 
  custom:audio-decoder-ogg-vorbis: bf7c407c2cedff20999df2af8eb42d56 -> 
  custom:audio-encoder-webm-vorbis: bf7c407c2cedff20999df2af8eb42d56 -> 
========================================================================
Received Prepare
Registering precompiled user dll's ...
Registered in 0.002785 seconds.
Begin MonoManager ReloadAssembly
Native extension for WindowsStandalone target not found
Refreshing native plugins compatible for Editor in 0.67 ms, found 3 plugins.
Preloading 0 native plugins for Editor in 0.00 ms.
Mono: successfully reloaded assembly
- Completed reload, in  0.927 seconds
Domain Reload Profiling:
	ReloadAssembly (927ms)
		BeginReloadAssembly (100ms)
			ExecutionOrderSort (0ms)
			DisableScriptedObjects (6ms)
			BackupInstance (0ms)
			ReleaseScriptingObjects (0ms)
			CreateAndSetChildDomain (32ms)
		EndReloadAssembly (775ms)
			LoadAssemblies (79ms)
			RebuildTransferFunctionScriptingTraits (0ms)
			SetupTypeCache (265ms)
			ReleaseScriptCaches (1ms)
			RebuildScriptCaches (47ms)
			SetupLoadedEditorAssemblies (276ms)
				LogAssemblyErrors (0ms)
				InitializePlatformSupportModulesInManaged (4ms)
				SetLoadedEditorAssemblies (0ms)
				RefreshPlugins (1ms)
				BeforeProcessingInitializeOnLoad (85ms)
				ProcessInitializeOnLoadAttributes (177ms)
				ProcessInitializeOnLoadMethodAttributes (5ms)
				AfterProcessingInitializeOnLoad (5ms)
				EditorAssembliesLoaded (0ms)
			ExecutionOrderSort2 (0ms)
			AwakeInstancesAfterBackupRestoration (13ms)
Platform modules already initialized, skipping
Refreshing native plugins compatible for Editor in 0.67 ms, found 3 plugins.
Preloading 0 native plugins for Editor in 0.00 ms.
Unloading 3131 Unused Serialized files (Serialized files now loaded: 0)
System memory in use before: 137.1 MB.
System memory in use after: 137.4 MB.

Unloading 15 unused Assets to reduce memory usage. Loaded Objects now: 3704.
Total: 3.270400 ms (FindLiveObjects: 0.296400 ms CreateObjectMapping: 0.129300 ms MarkObjects: 2.827700 ms  DeleteObjects: 0.015900 ms)

AssetImportParameters requested are different than current active one (requested -> active):
  custom:framework-win-MediaFoundation: 216162199b28c13a410421893ffa2e32 -> 
  custom:video-decoder-ogg-theora: a1e56fd34408186e4bbccfd4996cb3dc -> 
  custom:container-muxer-webm: aa71ff27fc2769a1b78a27578f13a17b -> 
  custom:container-demuxer-webm: 4f35f7cbe854078d1ac9338744f61a02 -> 
  custom:container-demuxer-ogg: 62fdf1f143b41e24485cea50d1cbac27 -> 
  custom:video-encoder-webm-vp8: eb34c28f22e8b96e1ab97ce403110664 -> 
  custom:video-decoder-webm-vp8: 9c59270c3fd7afecdb556c50c9e8de78 -> 
  custom:audio-decoder-ogg-vorbis: bf7c407c2cedff20999df2af8eb42d56 -> 
  custom:audio-encoder-webm-vorbis: bf7c407c2cedff20999df2af8eb42d56 -> 
========================================================================
Received Prepare
Registering precompiled user dll's ...
Registered in 0.002759 seconds.
Begin MonoManager ReloadAssembly
Native extension for WindowsStandalone target not found
Refreshing native plugins compatible for Editor in 0.66 ms, found 3 plugins.
Preloading 0 native plugins for Editor in 0.00 ms.
Mono: successfully reloaded assembly
- Completed reload, in  0.917 seconds
Domain Reload Profiling:
	ReloadAssembly (917ms)
		BeginReloadAssembly (96ms)
			ExecutionOrderSort (0ms)
			DisableScriptedObjects (6ms)
			BackupInstance (0ms)
			ReleaseScriptingObjects (0ms)
			CreateAndSetChildDomain (31ms)
		EndReloadAssembly (769ms)
			LoadAssemblies (76ms)
			RebuildTransferFunctionScriptingTraits (0ms)
			SetupTypeCache (266ms)
			ReleaseScriptCaches (2ms)
			RebuildScriptCaches (44ms)
			SetupLoadedEditorAssemblies (275ms)
				LogAssemblyErrors (0ms)
				InitializePlatformSupportModulesInManaged (4ms)
				SetLoadedEditorAssemblies (0ms)
				RefreshPlugins (1ms)
				BeforeProcessingInitializeOnLoad (85ms)
				ProcessInitializeOnLoadAttributes (174ms)
				ProcessInitializeOnLoadMethodAttributes (6ms)
				AfterProcessingInitializeOnLoad (5ms)
				EditorAssembliesLoaded (0ms)
			ExecutionOrderSort2 (0ms)
			AwakeInstancesAfterBackupRestoration (13ms)
Platform modules already initialized, skipping
Refreshing native plugins compatible for Editor in 0.67 ms, found 3 plugins.
Preloading 0 native plugins for Editor in 0.00 ms.
Unloading 3131 Unused Serialized files (Serialized files now loaded: 0)
System memory in use before: 137.2 MB.
System memory in use after: 137.4 MB.

Unloading 15 unused Assets to reduce memory usage. Loaded Objects now: 3707.
Total: 3.468600 ms (FindLiveObjects: 0.294300 ms CreateObjectMapping: 0.125600 ms MarkObjects: 3.032600 ms  DeleteObjects: 0.015500 ms)

AssetImportParameters requested are different than current active one (requested -> active):
  custom:framework-win-MediaFoundation: 216162199b28c13a410421893ffa2e32 -> 
  custom:video-decoder-ogg-theora: a1e56fd34408186e4bbccfd4996cb3dc -> 
  custom:container-muxer-webm: aa71ff27fc2769a1b78a27578f13a17b -> 
  custom:container-demuxer-webm: 4f35f7cbe854078d1ac9338744f61a02 -> 
  custom:container-demuxer-ogg: 62fdf1f143b41e24485cea50d1cbac27 -> 
  custom:video-encoder-webm-vp8: eb34c28f22e8b96e1ab97ce403110664 -> 
  custom:video-decoder-webm-vp8: 9c59270c3fd7afecdb556c50c9e8de78 -> 
  custom:audio-decoder-ogg-vorbis: bf7c407c2cedff20999df2af8eb42d56 -> 
  custom:audio-encoder-webm-vorbis: bf7c407c2cedff20999df2af8eb42d56 -> 
========================================================================
Received Import Request.
  Time since last request: 410.342415 seconds.
  path: Assets/Scenes/SnowScene.unity
  artifactKey: Guid(63d9232e6435a2e42a0b1690950944fe) Importer(815301076,1909f56bfc062723c751e8b465ee728b)
Start importing Assets/Scenes/SnowScene.unity using Guid(63d9232e6435a2e42a0b1690950944fe) Importer(815301076,1909f56bfc062723c751e8b465ee728b)  -> (artifact id: 'd27d1a3dbc835a116fd3755954015f8b') in 0.020492 seconds 
  Import took 0.026795 seconds .

========================================================================
Received Prepare
Registering precompiled user dll's ...
Registered in 0.002846 seconds.
Begin MonoManager ReloadAssembly
Native extension for WindowsStandalone target not found
Refreshing native plugins compatible for Editor in 0.65 ms, found 3 plugins.
Preloading 0 native plugins for Editor in 0.00 ms.
Mono: successfully reloaded assembly
- Completed reload, in  0.916 seconds
Domain Reload Profiling:
	ReloadAssembly (916ms)
		BeginReloadAssembly (107ms)
			ExecutionOrderSort (0ms)
			DisableScriptedObjects (5ms)
			BackupInstance (0ms)
			ReleaseScriptingObjects (0ms)
			CreateAndSetChildDomain (32ms)
		EndReloadAssembly (756ms)
			LoadAssemblies (78ms)
			RebuildTransferFunctionScriptingTraits (0ms)
			SetupTypeCache (267ms)
			ReleaseScriptCaches (1ms)
			RebuildScriptCaches (40ms)
			SetupLoadedEditorAssemblies (265ms)
				LogAssemblyErrors (0ms)
				InitializePlatformSupportModulesInManaged (3ms)
				SetLoadedEditorAssemblies (0ms)
				RefreshPlugins (1ms)
				BeforeProcessingInitializeOnLoad (81ms)
				ProcessInitializeOnLoadAttributes (170ms)
				ProcessInitializeOnLoadMethodAttributes (5ms)
				AfterProcessingInitializeOnLoad (5ms)
				EditorAssembliesLoaded (0ms)
			ExecutionOrderSort2 (0ms)
			AwakeInstancesAfterBackupRestoration (12ms)
Platform modules already initialized, skipping
Refreshing native plugins compatible for Editor in 0.68 ms, found 3 plugins.
Preloading 0 native plugins for Editor in 0.00 ms.
Unloading 3131 Unused Serialized files (Serialized files now loaded: 0)
System memory in use before: 137.2 MB.
System memory in use after: 137.4 MB.

Unloading 15 unused Assets to reduce memory usage. Loaded Objects now: 3710.
Total: 3.177400 ms (FindLiveObjects: 0.280300 ms CreateObjectMapping: 0.123600 ms MarkObjects: 2.758100 ms  DeleteObjects: 0.014700 ms)

AssetImportParameters requested are different than current active one (requested -> active):
  custom:framework-win-MediaFoundation: 216162199b28c13a410421893ffa2e32 -> 
  custom:video-decoder-ogg-theora: a1e56fd34408186e4bbccfd4996cb3dc -> 
  custom:container-muxer-webm: aa71ff27fc2769a1b78a27578f13a17b -> 
  custom:container-demuxer-webm: 4f35f7cbe854078d1ac9338744f61a02 -> 
  custom:container-demuxer-ogg: 62fdf1f143b41e24485cea50d1cbac27 -> 
  custom:video-encoder-webm-vp8: eb34c28f22e8b96e1ab97ce403110664 -> 
  custom:video-decoder-webm-vp8: 9c59270c3fd7afecdb556c50c9e8de78 -> 
  custom:audio-decoder-ogg-vorbis: bf7c407c2cedff20999df2af8eb42d56 -> 
  custom:audio-encoder-webm-vorbis: bf7c407c2cedff20999df2af8eb42d56 -> 
========================================================================
Received Import Request.
  Time since last request: 19.358857 seconds.
  path: Assets/Scenes/RouteScene.unity
  artifactKey: Guid(e1c78856d6a56ae4c90c65b8ecb50741) Importer(815301076,1909f56bfc062723c751e8b465ee728b)
Start importing Assets/Scenes/RouteScene.unity using Guid(e1c78856d6a56ae4c90c65b8ecb50741) Importer(815301076,1909f56bfc062723c751e8b465ee728b)  -> (artifact id: '41d648a12139361aaaec6a02e652065d') in 0.017776 seconds 
  Import took 0.023566 seconds .

========================================================================
Received Import Request.
  Time since last request: 35.258995 seconds.
  path: Assets/Imagenes/Cabaña y mesa.png
  artifactKey: Guid(81a18bb4e57082642811e3ba57115a97) Importer(815301076,1909f56bfc062723c751e8b465ee728b)
Start importing Assets/Imagenes/Cabaña y mesa.png using Guid(81a18bb4e57082642811e3ba57115a97) Importer(815301076,1909f56bfc062723c751e8b465ee728b)  -> (artifact id: '31cbba6df9ad93afe4be8a3bae2ab533') in 0.052738 seconds 
  Import took 0.058111 seconds .

========================================================================
Received Import Request.
  Time since last request: 0.000196 seconds.
  path: Assets/Imagenes/Landscapes3.png
  artifactKey: Guid(847e810f8b108b648adcfc1b73301c6c) Importer(815301076,1909f56bfc062723c751e8b465ee728b)
Start importing Assets/Imagenes/Landscapes3.png using Guid(847e810f8b108b648adcfc1b73301c6c) Importer(815301076,1909f56bfc062723c751e8b465ee728b)  -> (artifact id: 'e63b357e245fc75bed1d370fd3d6fa8d') in 0.038727 seconds 
  Import took 0.043143 seconds .

========================================================================
Received Import Request.
  Time since last request: 0.000216 seconds.
  path: Assets/Imagenes/Pasajes,Casino....png
  artifactKey: Guid(4ceb3192a96505b488fa0747e7633187) Importer(815301076,1909f56bfc062723c751e8b465ee728b)
Start importing Assets/Imagenes/Pasajes,Casino....png using Guid(4ceb3192a96505b488fa0747e7633187) Importer(815301076,1909f56bfc062723c751e8b465ee728b)  -> (artifact id: '87d117fa8995e835deb7b4715e68ed64') in 0.025841 seconds 
  Import took 0.030172 seconds .

========================================================================
Received Import Request.
  Time since last request: 0.000201 seconds.
  path: Assets/Imagenes/Landscapes2 1.png
  artifactKey: Guid(fd069e461c507f14392ac2eb2da5c715) Importer(815301076,1909f56bfc062723c751e8b465ee728b)
Start importing Assets/Imagenes/Landscapes2 1.png using Guid(fd069e461c507f14392ac2eb2da5c715) Importer(815301076,1909f56bfc062723c751e8b465ee728b)  -> (artifact id: '1b1978ab13d9dc0a97f6d3d64e85da1c') in 0.278783 seconds 
  Import took 0.283462 seconds .

========================================================================
Received Import Request.
  Time since last request: 0.000190 seconds.
  path: Assets/Imagenes/Fuentes,Bicicletas....png
  artifactKey: Guid(f0fd4b73eb14b3f4581968c2bd9eca33) Importer(815301076,1909f56bfc062723c751e8b465ee728b)
Start importing Assets/Imagenes/Fuentes,Bicicletas....png using Guid(f0fd4b73eb14b3f4581968c2bd9eca33) Importer(815301076,1909f56bfc062723c751e8b465ee728b)  -> (artifact id: '29275baa6b6850027c1898518f00c3f7') in 0.032186 seconds 
  Import took 0.036578 seconds .

========================================================================
Received Import Request.
  Time since last request: 0.000186 seconds.
  path: Assets/Imagenes/DosEdificios.png
  artifactKey: Guid(6ef4eef359f11cd489b08004ba301c24) Importer(815301076,1909f56bfc062723c751e8b465ee728b)
Start importing Assets/Imagenes/DosEdificios.png using Guid(6ef4eef359f11cd489b08004ba301c24) Importer(815301076,1909f56bfc062723c751e8b465ee728b)  -> (artifact id: '448492d18e6a29bb66041f277e7c571a') in 0.018190 seconds 
  Import took 0.023003 seconds .

========================================================================
Received Import Request.
  Time since last request: 0.000140 seconds.
  path: Assets/Imagenes/Landscapes2.png
  artifactKey: Guid(059ad44c1ac75fe4ebe1fdf342bf9d08) Importer(815301076,1909f56bfc062723c751e8b465ee728b)
Start importing Assets/Imagenes/Landscapes2.png using Guid(059ad44c1ac75fe4ebe1fdf342bf9d08) Importer(815301076,1909f56bfc062723c751e8b465ee728b)  -> (artifact id: '3fbb721355e22237da0cb0bbf2ea9551') in 0.272437 seconds 
  Import took 0.277992 seconds .

========================================================================
Received Import Request.
  Time since last request: 0.000228 seconds.
  path: Assets/Imagenes/Snorlax_Sleep.png
  artifactKey: Guid(2da199e558a4f994f8278a30d623e00e) Importer(815301076,1909f56bfc062723c751e8b465ee728b)
Start importing Assets/Imagenes/Snorlax_Sleep.png using Guid(2da199e558a4f994f8278a30d623e00e) Importer(815301076,1909f56bfc062723c751e8b465ee728b)  -> (artifact id: '54e5f3b142382b23868dcb057ea1eec8') in 0.013844 seconds 
  Import took 0.019084 seconds .

========================================================================
Received Import Request.
  Time since last request: 0.000219 seconds.
  path: Assets/Imagenes/Landscapes1.png
  artifactKey: Guid(67f7ff18d60f4194f85e32cc2ac76697) Importer(815301076,1909f56bfc062723c751e8b465ee728b)
Start importing Assets/Imagenes/Landscapes1.png using Guid(67f7ff18d60f4194f85e32cc2ac76697) Importer(815301076,1909f56bfc062723c751e8b465ee728b)  -> (artifact id: 'b7ce5de3997ee16da6742b729aacf520') in 0.969445 seconds 
  Import took 0.976570 seconds .

========================================================================
Received Prepare
Registering precompiled user dll's ...
Registered in 0.002827 seconds.
Begin MonoManager ReloadAssembly
Native extension for WindowsStandalone target not found
Refreshing native plugins compatible for Editor in 0.65 ms, found 3 plugins.
Preloading 0 native plugins for Editor in 0.00 ms.
Mono: successfully reloaded assembly
- Completed reload, in  0.927 seconds
Domain Reload Profiling:
	ReloadAssembly (927ms)
		BeginReloadAssembly (98ms)
			ExecutionOrderSort (0ms)
			DisableScriptedObjects (5ms)
			BackupInstance (0ms)
			ReleaseScriptingObjects (0ms)
			CreateAndSetChildDomain (30ms)
		EndReloadAssembly (777ms)
			LoadAssemblies (78ms)
			RebuildTransferFunctionScriptingTraits (0ms)
			SetupTypeCache (267ms)
			ReleaseScriptCaches (1ms)
			RebuildScriptCaches (44ms)
			SetupLoadedEditorAssemblies (279ms)
				LogAssemblyErrors (0ms)
				InitializePlatformSupportModulesInManaged (3ms)
				SetLoadedEditorAssemblies (0ms)
				RefreshPlugins (1ms)
				BeforeProcessingInitializeOnLoad (87ms)
				ProcessInitializeOnLoadAttributes (178ms)
				ProcessInitializeOnLoadMethodAttributes (5ms)
				AfterProcessingInitializeOnLoad (5ms)
				EditorAssembliesLoaded (0ms)
			ExecutionOrderSort2 (0ms)
			AwakeInstancesAfterBackupRestoration (12ms)
Platform modules already initialized, skipping
Refreshing native plugins compatible for Editor in 0.68 ms, found 3 plugins.
Preloading 0 native plugins for Editor in 0.00 ms.
Unloading 3131 Unused Serialized files (Serialized files now loaded: 0)
System memory in use before: 137.9 MB.
System memory in use after: 138.2 MB.

Unloading 15 unused Assets to reduce memory usage. Loaded Objects now: 4029.
Total: 3.330300 ms (FindLiveObjects: 0.383000 ms CreateObjectMapping: 0.149900 ms MarkObjects: 2.779300 ms  DeleteObjects: 0.017300 ms)

AssetImportParameters requested are different than current active one (requested -> active):
  custom:framework-win-MediaFoundation: 216162199b28c13a410421893ffa2e32 -> 
  custom:video-decoder-ogg-theora: a1e56fd34408186e4bbccfd4996cb3dc -> 
  custom:container-muxer-webm: aa71ff27fc2769a1b78a27578f13a17b -> 
  custom:container-demuxer-webm: 4f35f7cbe854078d1ac9338744f61a02 -> 
  custom:container-demuxer-ogg: 62fdf1f143b41e24485cea50d1cbac27 -> 
  custom:video-encoder-webm-vp8: eb34c28f22e8b96e1ab97ce403110664 -> 
  custom:video-decoder-webm-vp8: 9c59270c3fd7afecdb556c50c9e8de78 -> 
  custom:audio-decoder-ogg-vorbis: bf7c407c2cedff20999df2af8eb42d56 -> 
  custom:audio-encoder-webm-vorbis: bf7c407c2cedff20999df2af8eb42d56 -> 
========================================================================
Received Import Request.
  Time since last request: 88.488289 seconds.
  path: Assets/Preb/Player.prefab
  artifactKey: Guid(260c39a71f432bb46bae5e5cec733ed5) Importer(815301076,1909f56bfc062723c751e8b465ee728b)
Start importing Assets/Preb/Player.prefab using Guid(260c39a71f432bb46bae5e5cec733ed5) Importer(815301076,1909f56bfc062723c751e8b465ee728b)  -> (artifact id: 'c1af6d125b3cf17146aa319ec0afd8b3') in 0.164928 seconds 
  Import took 0.170886 seconds .

========================================================================
Received Import Request.
  Time since last request: 5.983218 seconds.
  path: Assets/Scenes/CityScene.unity
  artifactKey: Guid(ffba8410802693e4eb6996a75ca8c021) Importer(815301076,1909f56bfc062723c751e8b465ee728b)
Start importing Assets/Scenes/CityScene.unity using Guid(ffba8410802693e4eb6996a75ca8c021) Importer(815301076,1909f56bfc062723c751e8b465ee728b)  -> (artifact id: 'b1007af380c3d4e70dbf040df7541b67') in 0.004715 seconds 
  Import took 0.010508 seconds .

========================================================================
Received Prepare
Registering precompiled user dll's ...
Registered in 0.002804 seconds.
Begin MonoManager ReloadAssembly
Native extension for WindowsStandalone target not found
Refreshing native plugins compatible for Editor in 0.64 ms, found 3 plugins.
Preloading 0 native plugins for Editor in 0.00 ms.
Mono: successfully reloaded assembly
- Completed reload, in  0.961 seconds
Domain Reload Profiling:
	ReloadAssembly (962ms)
		BeginReloadAssembly (121ms)
			ExecutionOrderSort (0ms)
			DisableScriptedObjects (7ms)
			BackupInstance (0ms)
			ReleaseScriptingObjects (0ms)
			CreateAndSetChildDomain (32ms)
		EndReloadAssembly (788ms)
			LoadAssemblies (76ms)
			RebuildTransferFunctionScriptingTraits (0ms)
			SetupTypeCache (271ms)
			ReleaseScriptCaches (1ms)
			RebuildScriptCaches (41ms)
			SetupLoadedEditorAssemblies (266ms)
				LogAssemblyErrors (0ms)
				InitializePlatformSupportModulesInManaged (4ms)
				SetLoadedEditorAssemblies (0ms)
				RefreshPlugins (1ms)
				BeforeProcessingInitializeOnLoad (83ms)
				ProcessInitializeOnLoadAttributes (169ms)
				ProcessInitializeOnLoadMethodAttributes (5ms)
				AfterProcessingInitializeOnLoad (5ms)
				EditorAssembliesLoaded (0ms)
			ExecutionOrderSort2 (0ms)
			AwakeInstancesAfterBackupRestoration (16ms)
Platform modules already initialized, skipping
Refreshing native plugins compatible for Editor in 0.64 ms, found 3 plugins.
Preloading 0 native plugins for Editor in 0.00 ms.
Unloading 3131 Unused Serialized files (Serialized files now loaded: 0)
System memory in use before: 140.2 MB.
System memory in use after: 140.5 MB.

Unloading 15 unused Assets to reduce memory usage. Loaded Objects now: 4071.
Total: 3.169500 ms (FindLiveObjects: 0.317800 ms CreateObjectMapping: 0.127200 ms MarkObjects: 2.710100 ms  DeleteObjects: 0.013500 ms)

AssetImportParameters requested are different than current active one (requested -> active):
  custom:framework-win-MediaFoundation: 216162199b28c13a410421893ffa2e32 -> 
  custom:video-decoder-ogg-theora: a1e56fd34408186e4bbccfd4996cb3dc -> 
  custom:container-muxer-webm: aa71ff27fc2769a1b78a27578f13a17b -> 
  custom:container-demuxer-webm: 4f35f7cbe854078d1ac9338744f61a02 -> 
  custom:container-demuxer-ogg: 62fdf1f143b41e24485cea50d1cbac27 -> 
  custom:video-encoder-webm-vp8: eb34c28f22e8b96e1ab97ce403110664 -> 
  custom:video-decoder-webm-vp8: 9c59270c3fd7afecdb556c50c9e8de78 -> 
  custom:audio-decoder-ogg-vorbis: bf7c407c2cedff20999df2af8eb42d56 -> 
  custom:audio-encoder-webm-vorbis: bf7c407c2cedff20999df2af8eb42d56 -> 
========================================================================
Received Import Request.
  Time since last request: 14.271448 seconds.
  path: Assets/Scenes/RouteScene.unity
  artifactKey: Guid(e1c78856d6a56ae4c90c65b8ecb50741) Importer(815301076,1909f56bfc062723c751e8b465ee728b)
Start importing Assets/Scenes/RouteScene.unity using Guid(e1c78856d6a56ae4c90c65b8ecb50741) Importer(815301076,1909f56bfc062723c751e8b465ee728b)  -> (artifact id: '3444ff6526f24ad1378e2b329e4ddce9') in 0.011959 seconds 
  Import took 0.017279 seconds .

========================================================================
Received Prepare
Registering precompiled user dll's ...
Registered in 0.002818 seconds.
Begin MonoManager ReloadAssembly
Native extension for WindowsStandalone target not found
Refreshing native plugins compatible for Editor in 0.69 ms, found 3 plugins.
Preloading 0 native plugins for Editor in 0.00 ms.
Mono: successfully reloaded assembly
- Completed reload, in  0.949 seconds
Domain Reload Profiling:
	ReloadAssembly (949ms)
		BeginReloadAssembly (106ms)
			ExecutionOrderSort (0ms)
			DisableScriptedObjects (6ms)
			BackupInstance (0ms)
			ReleaseScriptingObjects (0ms)
			CreateAndSetChildDomain (30ms)
		EndReloadAssembly (791ms)
			LoadAssemblies (76ms)
			RebuildTransferFunctionScriptingTraits (0ms)
			SetupTypeCache (264ms)
			ReleaseScriptCaches (1ms)
			RebuildScriptCaches (42ms)
			SetupLoadedEditorAssemblies (274ms)
				LogAssemblyErrors (0ms)
				InitializePlatformSupportModulesInManaged (4ms)
				SetLoadedEditorAssemblies (0ms)
				RefreshPlugins (1ms)
				BeforeProcessingInitializeOnLoad (85ms)
				ProcessInitializeOnLoadAttributes (174ms)
				ProcessInitializeOnLoadMethodAttributes (5ms)
				AfterProcessingInitializeOnLoad (5ms)
				EditorAssembliesLoaded (0ms)
			ExecutionOrderSort2 (0ms)
			AwakeInstancesAfterBackupRestoration (17ms)
Platform modules already initialized, skipping
Refreshing native plugins compatible for Editor in 0.64 ms, found 3 plugins.
Preloading 0 native plugins for Editor in 0.00 ms.
Unloading 3131 Unused Serialized files (Serialized files now loaded: 0)
System memory in use before: 140.2 MB.
System memory in use after: 140.5 MB.

Unloading 15 unused Assets to reduce memory usage. Loaded Objects now: 4074.
Total: 3.538900 ms (FindLiveObjects: 0.313800 ms CreateObjectMapping: 0.122000 ms MarkObjects: 3.087000 ms  DeleteObjects: 0.015400 ms)

AssetImportParameters requested are different than current active one (requested -> active):
  custom:framework-win-MediaFoundation: 216162199b28c13a410421893ffa2e32 -> 
  custom:video-decoder-ogg-theora: a1e56fd34408186e4bbccfd4996cb3dc -> 
  custom:container-muxer-webm: aa71ff27fc2769a1b78a27578f13a17b -> 
  custom:container-demuxer-webm: 4f35f7cbe854078d1ac9338744f61a02 -> 
  custom:container-demuxer-ogg: 62fdf1f143b41e24485cea50d1cbac27 -> 
  custom:video-encoder-webm-vp8: eb34c28f22e8b96e1ab97ce403110664 -> 
  custom:video-decoder-webm-vp8: 9c59270c3fd7afecdb556c50c9e8de78 -> 
  custom:audio-decoder-ogg-vorbis: bf7c407c2cedff20999df2af8eb42d56 -> 
  custom:audio-encoder-webm-vorbis: bf7c407c2cedff20999df2af8eb42d56 -> 
========================================================================
Received Import Request.
  Time since last request: 43.276262 seconds.
  path: Assets/Scripts/Player.cs
  artifactKey: Guid(4aa8f3b097be3374c8ca21287faa3d00) Importer(815301076,1909f56bfc062723c751e8b465ee728b)
Start importing Assets/Scripts/Player.cs using Guid(4aa8f3b097be3374c8ca21287faa3d00) Importer(815301076,1909f56bfc062723c751e8b465ee728b)  -> (artifact id: '6252e201f5a81159a23508fb1b6d2ffb') in 0.014569 seconds 
  Import took 0.019734 seconds .

========================================================================
Received Prepare
Registering precompiled user dll's ...
Registered in 0.002845 seconds.
Begin MonoManager ReloadAssembly
Native extension for WindowsStandalone target not found
Refreshing native plugins compatible for Editor in 0.67 ms, found 3 plugins.
Preloading 0 native plugins for Editor in 0.00 ms.
Mono: successfully reloaded assembly
- Completed reload, in  0.983 seconds
Domain Reload Profiling:
	ReloadAssembly (984ms)
		BeginReloadAssembly (114ms)
			ExecutionOrderSort (0ms)
			DisableScriptedObjects (6ms)
			BackupInstance (0ms)
			ReleaseScriptingObjects (0ms)
			CreateAndSetChildDomain (32ms)
		EndReloadAssembly (812ms)
			LoadAssemblies (80ms)
			RebuildTransferFunctionScriptingTraits (0ms)
			SetupTypeCache (278ms)
			ReleaseScriptCaches (1ms)
			RebuildScriptCaches (40ms)
			SetupLoadedEditorAssemblies (272ms)
				LogAssemblyErrors (0ms)
				InitializePlatformSupportModulesInManaged (4ms)
				SetLoadedEditorAssemblies (1ms)
				RefreshPlugins (1ms)
				BeforeProcessingInitializeOnLoad (83ms)
				ProcessInitializeOnLoadAttributes (173ms)
				ProcessInitializeOnLoadMethodAttributes (5ms)
				AfterProcessingInitializeOnLoad (6ms)
				EditorAssembliesLoaded (0ms)
			ExecutionOrderSort2 (0ms)
			AwakeInstancesAfterBackupRestoration (20ms)
Platform modules already initialized, skipping
Refreshing native plugins compatible for Editor in 0.66 ms, found 3 plugins.
Preloading 0 native plugins for Editor in 0.00 ms.
Unloading 3131 Unused Serialized files (Serialized files now loaded: 0)
System memory in use before: 140.3 MB.
System memory in use after: 140.5 MB.

Unloading 15 unused Assets to reduce memory usage. Loaded Objects now: 4077.
Total: 3.227200 ms (FindLiveObjects: 0.293200 ms CreateObjectMapping: 0.133900 ms MarkObjects: 2.785800 ms  DeleteObjects: 0.013500 ms)

AssetImportParameters requested are different than current active one (requested -> active):
  custom:framework-win-MediaFoundation: 216162199b28c13a410421893ffa2e32 -> 
  custom:video-decoder-ogg-theora: a1e56fd34408186e4bbccfd4996cb3dc -> 
  custom:container-muxer-webm: aa71ff27fc2769a1b78a27578f13a17b -> 
  custom:container-demuxer-webm: 4f35f7cbe854078d1ac9338744f61a02 -> 
  custom:container-demuxer-ogg: 62fdf1f143b41e24485cea50d1cbac27 -> 
  custom:video-encoder-webm-vp8: eb34c28f22e8b96e1ab97ce403110664 -> 
  custom:video-decoder-webm-vp8: 9c59270c3fd7afecdb556c50c9e8de78 -> 
  custom:audio-decoder-ogg-vorbis: bf7c407c2cedff20999df2af8eb42d56 -> 
  custom:audio-encoder-webm-vorbis: bf7c407c2cedff20999df2af8eb42d56 -> 
========================================================================
Received Import Request.
  Time since last request: 36.532768 seconds.
  path: Assets/Scenes/MainScene.unity
  artifactKey: Guid(cd8b587273694ad48a206de66c0192f1) Importer(815301076,1909f56bfc062723c751e8b465ee728b)
Start importing Assets/Scenes/MainScene.unity using Guid(cd8b587273694ad48a206de66c0192f1) Importer(815301076,1909f56bfc062723c751e8b465ee728b)  -> (artifact id: '7b4a90c416d6c1dcaa1785384fafa82d') in 0.017327 seconds 
  Import took 0.024009 seconds .

========================================================================
Received Prepare
Registering precompiled user dll's ...
Registered in 0.002861 seconds.
Begin MonoManager ReloadAssembly
Native extension for WindowsStandalone target not found
Refreshing native plugins compatible for Editor in 0.70 ms, found 3 plugins.
Preloading 0 native plugins for Editor in 0.00 ms.
Mono: successfully reloaded assembly
- Completed reload, in  0.948 seconds
Domain Reload Profiling:
	ReloadAssembly (948ms)
		BeginReloadAssembly (99ms)
			ExecutionOrderSort (0ms)
			DisableScriptedObjects (6ms)
			BackupInstance (0ms)
			ReleaseScriptingObjects (0ms)
			CreateAndSetChildDomain (31ms)
		EndReloadAssembly (796ms)
			LoadAssemblies (75ms)
			RebuildTransferFunctionScriptingTraits (0ms)
			SetupTypeCache (267ms)
			ReleaseScriptCaches (1ms)
			RebuildScriptCaches (43ms)
			SetupLoadedEditorAssemblies (274ms)
				LogAssemblyErrors (0ms)
				InitializePlatformSupportModulesInManaged (4ms)
				SetLoadedEditorAssemblies (0ms)
				RefreshPlugins (1ms)
				BeforeProcessingInitializeOnLoad (87ms)
				ProcessInitializeOnLoadAttributes (172ms)
				ProcessInitializeOnLoadMethodAttributes (5ms)
				AfterProcessingInitializeOnLoad (5ms)
				EditorAssembliesLoaded (0ms)
			ExecutionOrderSort2 (0ms)
			AwakeInstancesAfterBackupRestoration (17ms)
Platform modules already initialized, skipping
Refreshing native plugins compatible for Editor in 0.69 ms, found 3 plugins.
Preloading 0 native plugins for Editor in 0.00 ms.
Unloading 3131 Unused Serialized files (Serialized files now loaded: 0)
System memory in use before: 140.3 MB.
System memory in use after: 140.5 MB.

Unloading 15 unused Assets to reduce memory usage. Loaded Objects now: 4080.
Total: 3.594300 ms (FindLiveObjects: 0.344700 ms CreateObjectMapping: 0.129600 ms MarkObjects: 3.075500 ms  DeleteObjects: 0.043500 ms)

AssetImportParameters requested are different than current active one (requested -> active):
  custom:framework-win-MediaFoundation: 216162199b28c13a410421893ffa2e32 -> 
  custom:video-decoder-ogg-theora: a1e56fd34408186e4bbccfd4996cb3dc -> 
  custom:container-muxer-webm: aa71ff27fc2769a1b78a27578f13a17b -> 
  custom:container-demuxer-webm: 4f35f7cbe854078d1ac9338744f61a02 -> 
  custom:container-demuxer-ogg: 62fdf1f143b41e24485cea50d1cbac27 -> 
  custom:video-encoder-webm-vp8: eb34c28f22e8b96e1ab97ce403110664 -> 
  custom:video-decoder-webm-vp8: 9c59270c3fd7afecdb556c50c9e8de78 -> 
  custom:audio-decoder-ogg-vorbis: bf7c407c2cedff20999df2af8eb42d56 -> 
  custom:audio-encoder-webm-vorbis: bf7c407c2cedff20999df2af8eb42d56 -> 
========================================================================
Received Prepare
Registering precompiled user dll's ...
Registered in 0.002792 seconds.
Begin MonoManager ReloadAssembly
Native extension for WindowsStandalone target not found
Refreshing native plugins compatible for Editor in 0.71 ms, found 3 plugins.
Preloading 0 native plugins for Editor in 0.00 ms.
Mono: successfully reloaded assembly
- Completed reload, in  0.952 seconds
Domain Reload Profiling:
	ReloadAssembly (953ms)
		BeginReloadAssembly (99ms)
			ExecutionOrderSort (0ms)
			DisableScriptedObjects (6ms)
			BackupInstance (0ms)
			ReleaseScriptingObjects (0ms)
			CreateAndSetChildDomain (31ms)
		EndReloadAssembly (800ms)
			LoadAssemblies (78ms)
			RebuildTransferFunctionScriptingTraits (0ms)
			SetupTypeCache (264ms)
			ReleaseScriptCaches (1ms)
			RebuildScriptCaches (42ms)
			SetupLoadedEditorAssemblies (280ms)
				LogAssemblyErrors (0ms)
				InitializePlatformSupportModulesInManaged (4ms)
				SetLoadedEditorAssemblies (1ms)
				RefreshPlugins (1ms)
				BeforeProcessingInitializeOnLoad (89ms)
				ProcessInitializeOnLoadAttributes (175ms)
				ProcessInitializeOnLoadMethodAttributes (5ms)
				AfterProcessingInitializeOnLoad (5ms)
				EditorAssembliesLoaded (0ms)
			ExecutionOrderSort2 (0ms)
			AwakeInstancesAfterBackupRestoration (18ms)
Platform modules already initialized, skipping
Refreshing native plugins compatible for Editor in 0.67 ms, found 3 plugins.
Preloading 0 native plugins for Editor in 0.00 ms.
Unloading 3131 Unused Serialized files (Serialized files now loaded: 0)
System memory in use before: 140.3 MB.
System memory in use after: 140.5 MB.

Unloading 15 unused Assets to reduce memory usage. Loaded Objects now: 4083.
Total: 3.516900 ms (FindLiveObjects: 0.334900 ms CreateObjectMapping: 0.132100 ms MarkObjects: 3.033600 ms  DeleteObjects: 0.015500 ms)

AssetImportParameters requested are different than current active one (requested -> active):
  custom:framework-win-MediaFoundation: 216162199b28c13a410421893ffa2e32 -> 
  custom:video-decoder-ogg-theora: a1e56fd34408186e4bbccfd4996cb3dc -> 
  custom:container-muxer-webm: aa71ff27fc2769a1b78a27578f13a17b -> 
  custom:container-demuxer-webm: 4f35f7cbe854078d1ac9338744f61a02 -> 
  custom:container-demuxer-ogg: 62fdf1f143b41e24485cea50d1cbac27 -> 
  custom:video-encoder-webm-vp8: eb34c28f22e8b96e1ab97ce403110664 -> 
  custom:video-decoder-webm-vp8: 9c59270c3fd7afecdb556c50c9e8de78 -> 
  custom:audio-decoder-ogg-vorbis: bf7c407c2cedff20999df2af8eb42d56 -> 
  custom:audio-encoder-webm-vorbis: bf7c407c2cedff20999df2af8eb42d56 -> 
========================================================================
Received Prepare
Registering precompiled user dll's ...
Registered in 0.002893 seconds.
Begin MonoManager ReloadAssembly
Native extension for WindowsStandalone target not found
Refreshing native plugins compatible for Editor in 0.66 ms, found 3 plugins.
Preloading 0 native plugins for Editor in 0.00 ms.
Mono: successfully reloaded assembly
- Completed reload, in  0.950 seconds
Domain Reload Profiling:
	ReloadAssembly (951ms)
		BeginReloadAssembly (104ms)
			ExecutionOrderSort (0ms)
			DisableScriptedObjects (6ms)
			BackupInstance (0ms)
			ReleaseScriptingObjects (0ms)
			CreateAndSetChildDomain (32ms)
		EndReloadAssembly (793ms)
			LoadAssemblies (78ms)
			RebuildTransferFunctionScriptingTraits (0ms)
			SetupTypeCache (267ms)
			ReleaseScriptCaches (1ms)
			RebuildScriptCaches (41ms)
			SetupLoadedEditorAssemblies (271ms)
				LogAssemblyErrors (0ms)
				InitializePlatformSupportModulesInManaged (4ms)
				SetLoadedEditorAssemblies (0ms)
				RefreshPlugins (1ms)
				BeforeProcessingInitializeOnLoad (83ms)
				ProcessInitializeOnLoadAttributes (172ms)
				ProcessInitializeOnLoadMethodAttributes (5ms)
				AfterProcessingInitializeOnLoad (5ms)
				EditorAssembliesLoaded (0ms)
			ExecutionOrderSort2 (0ms)
			AwakeInstancesAfterBackupRestoration (17ms)
Platform modules already initialized, skipping
Refreshing native plugins compatible for Editor in 0.65 ms, found 3 plugins.
Preloading 0 native plugins for Editor in 0.00 ms.
Unloading 3131 Unused Serialized files (Serialized files now loaded: 0)
System memory in use before: 140.3 MB.
System memory in use after: 140.5 MB.

Unloading 15 unused Assets to reduce memory usage. Loaded Objects now: 4086.
Total: 3.217300 ms (FindLiveObjects: 0.301700 ms CreateObjectMapping: 0.123000 ms MarkObjects: 2.778300 ms  DeleteObjects: 0.013600 ms)

AssetImportParameters requested are different than current active one (requested -> active):
  custom:framework-win-MediaFoundation: 216162199b28c13a410421893ffa2e32 -> 
  custom:video-decoder-ogg-theora: a1e56fd34408186e4bbccfd4996cb3dc -> 
  custom:container-muxer-webm: aa71ff27fc2769a1b78a27578f13a17b -> 
  custom:container-demuxer-webm: 4f35f7cbe854078d1ac9338744f61a02 -> 
  custom:container-demuxer-ogg: 62fdf1f143b41e24485cea50d1cbac27 -> 
  custom:video-encoder-webm-vp8: eb34c28f22e8b96e1ab97ce403110664 -> 
  custom:video-decoder-webm-vp8: 9c59270c3fd7afecdb556c50c9e8de78 -> 
  custom:audio-decoder-ogg-vorbis: bf7c407c2cedff20999df2af8eb42d56 -> 
  custom:audio-encoder-webm-vorbis: bf7c407c2cedff20999df2af8eb42d56 -> 
========================================================================
Received Prepare
Registering precompiled user dll's ...
Registered in 0.002945 seconds.
Begin MonoManager ReloadAssembly
Native extension for WindowsStandalone target not found
Refreshing native plugins compatible for Editor in 0.64 ms, found 3 plugins.
Preloading 0 native plugins for Editor in 0.00 ms.
Mono: successfully reloaded assembly
- Completed reload, in  0.934 seconds
Domain Reload Profiling:
	ReloadAssembly (934ms)
		BeginReloadAssembly (106ms)
			ExecutionOrderSort (0ms)
			DisableScriptedObjects (6ms)
			BackupInstance (0ms)
			ReleaseScriptingObjects (0ms)
			CreateAndSetChildDomain (32ms)
		EndReloadAssembly (776ms)
			LoadAssemblies (76ms)
			RebuildTransferFunctionScriptingTraits (0ms)
			SetupTypeCache (262ms)
			ReleaseScriptCaches (1ms)
			RebuildScriptCaches (39ms)
			SetupLoadedEditorAssemblies (266ms)
				LogAssemblyErrors (0ms)
				InitializePlatformSupportModulesInManaged (4ms)
				SetLoadedEditorAssemblies (0ms)
				RefreshPlugins (1ms)
				BeforeProcessingInitializeOnLoad (83ms)
				ProcessInitializeOnLoadAttributes (168ms)
				ProcessInitializeOnLoadMethodAttributes (5ms)
				AfterProcessingInitializeOnLoad (5ms)
				EditorAssembliesLoaded (0ms)
			ExecutionOrderSort2 (0ms)
			AwakeInstancesAfterBackupRestoration (17ms)
Platform modules already initialized, skipping
Refreshing native plugins compatible for Editor in 0.66 ms, found 3 plugins.
Preloading 0 native plugins for Editor in 0.00 ms.
Unloading 3131 Unused Serialized files (Serialized files now loaded: 0)
System memory in use before: 140.3 MB.
System memory in use after: 140.5 MB.

Unloading 15 unused Assets to reduce memory usage. Loaded Objects now: 4089.
Total: 3.162200 ms (FindLiveObjects: 0.324700 ms CreateObjectMapping: 0.130900 ms MarkObjects: 2.692100 ms  DeleteObjects: 0.013700 ms)

AssetImportParameters requested are different than current active one (requested -> active):
  custom:framework-win-MediaFoundation: 216162199b28c13a410421893ffa2e32 -> 
  custom:video-decoder-ogg-theora: a1e56fd34408186e4bbccfd4996cb3dc -> 
  custom:container-muxer-webm: aa71ff27fc2769a1b78a27578f13a17b -> 
  custom:container-demuxer-webm: 4f35f7cbe854078d1ac9338744f61a02 -> 
  custom:container-demuxer-ogg: 62fdf1f143b41e24485cea50d1cbac27 -> 
  custom:video-encoder-webm-vp8: eb34c28f22e8b96e1ab97ce403110664 -> 
  custom:video-decoder-webm-vp8: 9c59270c3fd7afecdb556c50c9e8de78 -> 
  custom:audio-decoder-ogg-vorbis: bf7c407c2cedff20999df2af8eb42d56 -> 
  custom:audio-encoder-webm-vorbis: bf7c407c2cedff20999df2af8eb42d56 -> 
========================================================================
Received Import Request.
  Time since last request: 89.137246 seconds.
  path: Assets/Palette/Landscapes1_stair2.asset
  artifactKey: Guid(73156b0db5defb0468117ec068a22577) Importer(815301076,1909f56bfc062723c751e8b465ee728b)
Start importing Assets/Palette/Landscapes1_stair2.asset using Guid(73156b0db5defb0468117ec068a22577) Importer(815301076,1909f56bfc062723c751e8b465ee728b)  -> (artifact id: '2d904274c033d58e69dea817201579db') in 0.045967 seconds 
  Import took 0.051200 seconds .

========================================================================
Received Import Request.
  Time since last request: 5.693138 seconds.
  path: Assets/Settings/New 2D Renderer Data.asset
  artifactKey: Guid(8a555f678912ea343bc058c190dea045) Importer(815301076,1909f56bfc062723c751e8b465ee728b)
Start importing Assets/Settings/New 2D Renderer Data.asset using Guid(8a555f678912ea343bc058c190dea045) Importer(815301076,1909f56bfc062723c751e8b465ee728b)  -> (artifact id: 'a8de2fb19ce73dea616a6b8921de206a') in 0.009210 seconds 
  Import took 0.014198 seconds .

========================================================================
Received Import Request.
  Time since last request: 0.000219 seconds.
  path: Assets/Settings/UniversalRenderPipelineAsset.asset
  artifactKey: Guid(738a5fe5180329c4599340605bc62c60) Importer(815301076,1909f56bfc062723c751e8b465ee728b)
Start importing Assets/Settings/UniversalRenderPipelineAsset.asset using Guid(738a5fe5180329c4599340605bc62c60) Importer(815301076,1909f56bfc062723c751e8b465ee728b)  -> (artifact id: '4e49226292e1f2f6b6de4db84a357596') in 0.006304 seconds 
  Import took 0.010950 seconds .

========================================================================
Received Import Request.
  Time since last request: 0.000224 seconds.
  path: Assets/Settings/UniversalRenderPipelineAsset_Renderer.asset
  artifactKey: Guid(e5b5fd0a76dc92a49be111cbb7a246c9) Importer(815301076,1909f56bfc062723c751e8b465ee728b)
Start importing Assets/Settings/UniversalRenderPipelineAsset_Renderer.asset using Guid(e5b5fd0a76dc92a49be111cbb7a246c9) Importer(815301076,1909f56bfc062723c751e8b465ee728b)  -> (artifact id: '10bf5125c4c7065c851f459023101118') in 0.007739 seconds 
  Import took 0.013066 seconds .

========================================================================
Received Import Request.
  Time since last request: 0.745588 seconds.
  path: Assets/Trainers/Doctor.png
  artifactKey: Guid(e7379fd46a9cc884fb2d4d92d5e53c99) Importer(815301076,1909f56bfc062723c751e8b465ee728b)
Start importing Assets/Trainers/Doctor.png using Guid(e7379fd46a9cc884fb2d4d92d5e53c99) Importer(815301076,1909f56bfc062723c751e8b465ee728b)  -> (artifact id: 'e3d9870244a25d20d13bbbcb9f55d7f1') in 0.024646 seconds 
  Import took 0.030121 seconds .

========================================================================
Received Import Request.
  Time since last request: 0.000212 seconds.
  path: Assets/Trainers/MainPlayerMan.png
  artifactKey: Guid(41fa91dbc60b20241a7dfd455955f12c) Importer(815301076,1909f56bfc062723c751e8b465ee728b)
Start importing Assets/Trainers/MainPlayerMan.png using Guid(41fa91dbc60b20241a7dfd455955f12c) Importer(815301076,1909f56bfc062723c751e8b465ee728b)  -> (artifact id: 'b1d2c340386dc0031c0245d062f98dba') in 0.055081 seconds 
  Import took 0.059380 seconds .

========================================================================
Received Import Request.
  Time since last request: 0.000226 seconds.
  path: Assets/Trainers/NPC5.png
  artifactKey: Guid(6aeaffe9d157727428df4070680a6d0b) Importer(815301076,1909f56bfc062723c751e8b465ee728b)
Start importing Assets/Trainers/NPC5.png using Guid(6aeaffe9d157727428df4070680a6d0b) Importer(815301076,1909f56bfc062723c751e8b465ee728b)  -> (artifact id: 'b65520b36ad18d68b4fdeddd9e55c6ea') in 0.019323 seconds 
  Import took 0.023794 seconds .

========================================================================
Received Import Request.
  Time since last request: 0.000161 seconds.
  path: Assets/Trainers/NPC15.png
  artifactKey: Guid(8b1834fdef505944c85bae2633440435) Importer(815301076,1909f56bfc062723c751e8b465ee728b)
Start importing Assets/Trainers/NPC15.png using Guid(8b1834fdef505944c85bae2633440435) Importer(815301076,1909f56bfc062723c751e8b465ee728b)  -> (artifact id: 'a2f94ed86963d1324e8b5dacb510e07d') in 0.015392 seconds 
  Import took 0.020412 seconds .

========================================================================
Received Import Request.
  Time since last request: 0.000158 seconds.
  path: Assets/Trainers/NPC6.png
  artifactKey: Guid(6649b2101ae8b10459fed33c8df56646) Importer(815301076,1909f56bfc062723c751e8b465ee728b)
Start importing Assets/Trainers/NPC6.png using Guid(6649b2101ae8b10459fed33c8df56646) Importer(815301076,1909f56bfc062723c751e8b465ee728b)  -> (artifact id: '94596f406b0475d278caeef00a44d612') in 0.015742 seconds 
  Import took 0.021464 seconds .

========================================================================
Received Import Request.
  Time since last request: 0.000243 seconds.
  path: Assets/Trainers/NPC7.png
  artifactKey: Guid(09caa9d05fdd11542ba096d6b6b5f1de) Importer(815301076,1909f56bfc062723c751e8b465ee728b)
Start importing Assets/Trainers/NPC7.png using Guid(09caa9d05fdd11542ba096d6b6b5f1de) Importer(815301076,1909f56bfc062723c751e8b465ee728b)  -> (artifact id: 'ffaed96ae84ef45bccb83dad328517fe') in 0.016567 seconds 
  Import took 0.021673 seconds .

========================================================================
Received Import Request.
  Time since last request: 0.000140 seconds.
  path: Assets/Trainers/NPC9.png
  artifactKey: Guid(d380a09575dfa944b8d08dc9a3278cf5) Importer(815301076,1909f56bfc062723c751e8b465ee728b)
Start importing Assets/Trainers/NPC9.png using Guid(d380a09575dfa944b8d08dc9a3278cf5) Importer(815301076,1909f56bfc062723c751e8b465ee728b)  -> (artifact id: 'bcd2e48f7eace93cbce1868c7c6a17b5') in 0.014228 seconds 
  Import took 0.019424 seconds .

========================================================================
Received Import Request.
  Time since last request: 0.000171 seconds.
  path: Assets/Trainers/NPC16.png
  artifactKey: Guid(4b47cc128456e8c4586a41ddaa48fc70) Importer(815301076,1909f56bfc062723c751e8b465ee728b)
Start importing Assets/Trainers/NPC16.png using Guid(4b47cc128456e8c4586a41ddaa48fc70) Importer(815301076,1909f56bfc062723c751e8b465ee728b)  -> (artifact id: '347bc71854288ed6cb2045db63a6a29a') in 0.013638 seconds 
  Import took 0.019123 seconds .

========================================================================
Received Import Request.
  Time since last request: 0.000170 seconds.
  path: Assets/Trainers/NPC3.png
  artifactKey: Guid(d14dc2762d1c69a41a25225428b8dc02) Importer(815301076,1909f56bfc062723c751e8b465ee728b)
Start importing Assets/Trainers/NPC3.png using Guid(d14dc2762d1c69a41a25225428b8dc02) Importer(815301076,1909f56bfc062723c751e8b465ee728b)  -> (artifact id: 'd715ad96ca04ffa0a547abcffa35e056') in 0.021107 seconds 
  Import took 0.026855 seconds .

========================================================================
Received Import Request.
  Time since last request: 0.000156 seconds.
  path: Assets/Trainers/NPC11.png
  artifactKey: Guid(782641458d776e143880c002fbcf5648) Importer(815301076,1909f56bfc062723c751e8b465ee728b)
Start importing Assets/Trainers/NPC11.png using Guid(782641458d776e143880c002fbcf5648) Importer(815301076,1909f56bfc062723c751e8b465ee728b)  -> (artifact id: '490802e3985849507d31deb3b7046f8e') in 0.015547 seconds 
  Import took 0.020609 seconds .

========================================================================
Received Import Request.
  Time since last request: 0.000173 seconds.
  path: Assets/Trainers/NPC10.png
  artifactKey: Guid(478df6265dc5225458e79d0be4975a9c) Importer(815301076,1909f56bfc062723c751e8b465ee728b)
Start importing Assets/Trainers/NPC10.png using Guid(478df6265dc5225458e79d0be4975a9c) Importer(815301076,1909f56bfc062723c751e8b465ee728b)  -> (artifact id: 'dcefd6163ddaaf75e648b3b3e0b1e1f8') in 0.016744 seconds 
  Import took 0.022439 seconds .

========================================================================
Received Import Request.
  Time since last request: 0.000209 seconds.
  path: Assets/Trainers/NPC12.png
  artifactKey: Guid(4c7d0b221e8516b46a7c28c69e3846e7) Importer(815301076,1909f56bfc062723c751e8b465ee728b)
Start importing Assets/Trainers/NPC12.png using Guid(4c7d0b221e8516b46a7c28c69e3846e7) Importer(815301076,1909f56bfc062723c751e8b465ee728b)  -> (artifact id: 'bf9ede74a20e88a13ba2d2655d1e7658') in 0.014566 seconds 
  Import took 0.019961 seconds .

========================================================================
Received Import Request.
  Time since last request: 0.000160 seconds.
  path: Assets/Trainers/NPC14.png
  artifactKey: Guid(753a526fde64fa147a51ef5ecd90fb6f) Importer(815301076,1909f56bfc062723c751e8b465ee728b)
Start importing Assets/Trainers/NPC14.png using Guid(753a526fde64fa147a51ef5ecd90fb6f) Importer(815301076,1909f56bfc062723c751e8b465ee728b)  -> (artifact id: '821680feb80e6a804d60ef3beca3edf8') in 0.015033 seconds 
  Import took 0.020391 seconds .

========================================================================
Received Import Request.
  Time since last request: 0.000175 seconds.
  path: Assets/Trainers/NPC8.png
  artifactKey: Guid(1c004340abe1318438d1f9c09ac90eac) Importer(815301076,1909f56bfc062723c751e8b465ee728b)
Start importing Assets/Trainers/NPC8.png using Guid(1c004340abe1318438d1f9c09ac90eac) Importer(815301076,1909f56bfc062723c751e8b465ee728b)  -> (artifact id: '1987a2e695afad6a7367c98a66250258') in 0.017045 seconds 
  Import took 0.022159 seconds .

========================================================================
Received Import Request.
  Time since last request: 0.000143 seconds.
  path: Assets/Trainers/NPC13.png
  artifactKey: Guid(c2573fb970065974caefa3b0785f7d14) Importer(815301076,1909f56bfc062723c751e8b465ee728b)
Start importing Assets/Trainers/NPC13.png using Guid(c2573fb970065974caefa3b0785f7d14) Importer(815301076,1909f56bfc062723c751e8b465ee728b)  -> (artifact id: '7529f054068adc281b6cd61b9a8be7b0') in 0.017206 seconds 
  Import took 0.022959 seconds .

========================================================================
Received Import Request.
  Time since last request: 0.000205 seconds.
  path: Assets/Trainers/NPC2.png
  artifactKey: Guid(7d71707669fef04408c111c5e827460b) Importer(815301076,1909f56bfc062723c751e8b465ee728b)
Start importing Assets/Trainers/NPC2.png using Guid(7d71707669fef04408c111c5e827460b) Importer(815301076,1909f56bfc062723c751e8b465ee728b)  -> (artifact id: '7ab7113c57091d6b2376c988eb57fea6') in 0.020046 seconds 
  Import took 0.025042 seconds .

========================================================================
Received Import Request.
  Time since last request: 0.000210 seconds.
  path: Assets/Trainers/NPC4.png
  artifactKey: Guid(999f3073c181fe14b8265514cba7f1fd) Importer(815301076,1909f56bfc062723c751e8b465ee728b)
Start importing Assets/Trainers/NPC4.png using Guid(999f3073c181fe14b8265514cba7f1fd) Importer(815301076,1909f56bfc062723c751e8b465ee728b)  -> (artifact id: '6e53b1a9f8118bcbe8047cb6e2ff1e9b') in 0.019581 seconds 
  Import took 0.024872 seconds .

========================================================================
Received Import Request.
  Time since last request: 0.000163 seconds.
  path: Assets/Trainers/NPC1.png
  artifactKey: Guid(516250d52b754ac4092168fe71c0d6ee) Importer(815301076,1909f56bfc062723c751e8b465ee728b)
Start importing Assets/Trainers/NPC1.png using Guid(516250d52b754ac4092168fe71c0d6ee) Importer(815301076,1909f56bfc062723c751e8b465ee728b)  -> (artifact id: '25dee4ba8387719ff5fbc9abf5e1f3bf') in 0.015279 seconds 
  Import took 0.019968 seconds .

========================================================================
Received Import Request.
  Time since last request: 9.390828 seconds.
  path: Assets/Preb/Player.prefab
  artifactKey: Guid(260c39a71f432bb46bae5e5cec733ed5) Importer(815301076,1909f56bfc062723c751e8b465ee728b)
Start importing Assets/Preb/Player.prefab using Guid(260c39a71f432bb46bae5e5cec733ed5) Importer(815301076,1909f56bfc062723c751e8b465ee728b)  -> (artifact id: '8fe562ef52aed326ac616f64beb68fcd') in 0.115502 seconds 
  Import took 0.121985 seconds .

========================================================================
Received Import Request.
  Time since last request: 3.488304 seconds.
  path: Assets/Scenes/ForestScene.unity
  artifactKey: Guid(82ad61c6554e35846822f8a7a457b875) Importer(815301076,1909f56bfc062723c751e8b465ee728b)
Start importing Assets/Scenes/ForestScene.unity using Guid(82ad61c6554e35846822f8a7a457b875) Importer(815301076,1909f56bfc062723c751e8b465ee728b)  -> (artifact id: 'bc3a0e41bae1dd06eb7546713ab9845a') in 0.006081 seconds 
  Import took 0.011990 seconds .

========================================================================
Received Prepare
Registering precompiled user dll's ...
Registered in 0.002790 seconds.
Begin MonoManager ReloadAssembly
Native extension for WindowsStandalone target not found
Refreshing native plugins compatible for Editor in 0.65 ms, found 3 plugins.
Preloading 0 native plugins for Editor in 0.00 ms.
Mono: successfully reloaded assembly
- Completed reload, in  0.959 seconds
Domain Reload Profiling:
	ReloadAssembly (959ms)
		BeginReloadAssembly (98ms)
			ExecutionOrderSort (0ms)
			DisableScriptedObjects (7ms)
			BackupInstance (0ms)
			ReleaseScriptingObjects (0ms)
			CreateAndSetChildDomain (32ms)
		EndReloadAssembly (808ms)
			LoadAssemblies (75ms)
			RebuildTransferFunctionScriptingTraits (0ms)
			SetupTypeCache (268ms)
			ReleaseScriptCaches (1ms)
			RebuildScriptCaches (45ms)
			SetupLoadedEditorAssemblies (283ms)
				LogAssemblyErrors (0ms)
				InitializePlatformSupportModulesInManaged (4ms)
				SetLoadedEditorAssemblies (0ms)
				RefreshPlugins (1ms)
				BeforeProcessingInitializeOnLoad (89ms)
				ProcessInitializeOnLoadAttributes (179ms)
				ProcessInitializeOnLoadMethodAttributes (5ms)
				AfterProcessingInitializeOnLoad (5ms)
				EditorAssembliesLoaded (0ms)
			ExecutionOrderSort2 (0ms)
			AwakeInstancesAfterBackupRestoration (18ms)
Platform modules already initialized, skipping
Refreshing native plugins compatible for Editor in 0.66 ms, found 3 plugins.
Preloading 0 native plugins for Editor in 0.00 ms.
Unloading 3133 Unused Serialized files (Serialized files now loaded: 0)
System memory in use before: 140.6 MB.
System memory in use after: 140.8 MB.

Unloading 15 unused Assets to reduce memory usage. Loaded Objects now: 4157.
Total: 3.812900 ms (FindLiveObjects: 0.389700 ms CreateObjectMapping: 0.137500 ms MarkObjects: 3.267200 ms  DeleteObjects: 0.017400 ms)

AssetImportParameters requested are different than current active one (requested -> active):
  custom:framework-win-MediaFoundation: 216162199b28c13a410421893ffa2e32 -> 
  custom:video-decoder-ogg-theora: a1e56fd34408186e4bbccfd4996cb3dc -> 
  custom:container-muxer-webm: aa71ff27fc2769a1b78a27578f13a17b -> 
  custom:container-demuxer-webm: 4f35f7cbe854078d1ac9338744f61a02 -> 
  custom:container-demuxer-ogg: 62fdf1f143b41e24485cea50d1cbac27 -> 
  custom:video-encoder-webm-vp8: eb34c28f22e8b96e1ab97ce403110664 -> 
  custom:video-decoder-webm-vp8: 9c59270c3fd7afecdb556c50c9e8de78 -> 
  custom:audio-decoder-ogg-vorbis: bf7c407c2cedff20999df2af8eb42d56 -> 
  custom:audio-encoder-webm-vorbis: bf7c407c2cedff20999df2af8eb42d56 -> 
========================================================================
Received Prepare
Registering precompiled user dll's ...
Registered in 0.002782 seconds.
Begin MonoManager ReloadAssembly
Native extension for WindowsStandalone target not found
Refreshing native plugins compatible for Editor in 0.64 ms, found 3 plugins.
Preloading 0 native plugins for Editor in 0.00 ms.
Mono: successfully reloaded assembly
- Completed reload, in  0.954 seconds
Domain Reload Profiling:
	ReloadAssembly (954ms)
		BeginReloadAssembly (99ms)
			ExecutionOrderSort (0ms)
			DisableScriptedObjects (6ms)
			BackupInstance (0ms)
			ReleaseScriptingObjects (0ms)
			CreateAndSetChildDomain (30ms)
		EndReloadAssembly (801ms)
			LoadAssemblies (81ms)
			RebuildTransferFunctionScriptingTraits (0ms)
			SetupTypeCache (268ms)
			ReleaseScriptCaches (1ms)
			RebuildScriptCaches (41ms)
			SetupLoadedEditorAssemblies (276ms)
				LogAssemblyErrors (0ms)
				InitializePlatformSupportModulesInManaged (4ms)
				SetLoadedEditorAssemblies (0ms)
				RefreshPlugins (1ms)
				BeforeProcessingInitializeOnLoad (86ms)
				ProcessInitializeOnLoadAttributes (175ms)
				ProcessInitializeOnLoadMethodAttributes (5ms)
				AfterProcessingInitializeOnLoad (5ms)
				EditorAssembliesLoaded (0ms)
			ExecutionOrderSort2 (0ms)
			AwakeInstancesAfterBackupRestoration (19ms)
Platform modules already initialized, skipping
Refreshing native plugins compatible for Editor in 0.65 ms, found 3 plugins.
Preloading 0 native plugins for Editor in 0.00 ms.
Unloading 3131 Unused Serialized files (Serialized files now loaded: 0)
System memory in use before: 140.5 MB.
System memory in use after: 140.8 MB.

Unloading 15 unused Assets to reduce memory usage. Loaded Objects now: 4160.
Total: 3.189600 ms (FindLiveObjects: 0.294800 ms CreateObjectMapping: 0.123600 ms MarkObjects: 2.756700 ms  DeleteObjects: 0.013900 ms)

AssetImportParameters requested are different than current active one (requested -> active):
  custom:framework-win-MediaFoundation: 216162199b28c13a410421893ffa2e32 -> 
  custom:video-decoder-ogg-theora: a1e56fd34408186e4bbccfd4996cb3dc -> 
  custom:container-muxer-webm: aa71ff27fc2769a1b78a27578f13a17b -> 
  custom:container-demuxer-webm: 4f35f7cbe854078d1ac9338744f61a02 -> 
  custom:container-demuxer-ogg: 62fdf1f143b41e24485cea50d1cbac27 -> 
  custom:video-encoder-webm-vp8: eb34c28f22e8b96e1ab97ce403110664 -> 
  custom:video-decoder-webm-vp8: 9c59270c3fd7afecdb556c50c9e8de78 -> 
  custom:audio-decoder-ogg-vorbis: bf7c407c2cedff20999df2af8eb42d56 -> 
  custom:audio-encoder-webm-vorbis: bf7c407c2cedff20999df2af8eb42d56 -> 
========================================================================
Received Import Request.
  Time since last request: 59.118892 seconds.
  path: Assets/Scenes/MainScene.unity
  artifactKey: Guid(cd8b587273694ad48a206de66c0192f1) Importer(815301076,1909f56bfc062723c751e8b465ee728b)
Start importing Assets/Scenes/MainScene.unity using Guid(cd8b587273694ad48a206de66c0192f1) Importer(815301076,1909f56bfc062723c751e8b465ee728b)  -> (artifact id: '73ad12954e9e3a0372c42a8ec7f3755c') in 0.013443 seconds 
  Import took 0.019288 seconds .

========================================================================
Received Import Request.
  Time since last request: 2.947545 seconds.
  path: Assets/Scenes/PokemonShopScene.unity
  artifactKey: Guid(fec79894345ec8048a7765861b71f70d) Importer(815301076,1909f56bfc062723c751e8b465ee728b)
Start importing Assets/Scenes/PokemonShopScene.unity using Guid(fec79894345ec8048a7765861b71f70d) Importer(815301076,1909f56bfc062723c751e8b465ee728b)  -> (artifact id: 'd99d5a1222400684b130a502faba3a66') in 0.007220 seconds 
  Import took 0.016085 seconds .

========================================================================
Received Import Request.
  Time since last request: 4.324309 seconds.
  path: Assets/Scenes/PokemonCenterScene.unity
  artifactKey: Guid(d4d9391c0b0e00345a6bc4f5cb925fb7) Importer(815301076,1909f56bfc062723c751e8b465ee728b)
Start importing Assets/Scenes/PokemonCenterScene.unity using Guid(d4d9391c0b0e00345a6bc4f5cb925fb7) Importer(815301076,1909f56bfc062723c751e8b465ee728b)  -> (artifact id: '903128d7582835ba39446fb35d2bd930') in 0.005818 seconds 
  Import took 0.014833 seconds .

========================================================================
Received Import Request.
  Time since last request: 5.822332 seconds.
  path: Assets/Scenes/RouteScene.unity
  artifactKey: Guid(e1c78856d6a56ae4c90c65b8ecb50741) Importer(815301076,1909f56bfc062723c751e8b465ee728b)
Start importing Assets/Scenes/RouteScene.unity using Guid(e1c78856d6a56ae4c90c65b8ecb50741) Importer(815301076,1909f56bfc062723c751e8b465ee728b)  -> (artifact id: 'd3aedbcb92be4ab2aeebf4983c8fcad0') in 0.002641 seconds 
  Import took 0.008195 seconds .

========================================================================
Received Import Request.
  Time since last request: 9.281419 seconds.
  path: Assets/Scenes/ForestScene.unity
  artifactKey: Guid(82ad61c6554e35846822f8a7a457b875) Importer(815301076,1909f56bfc062723c751e8b465ee728b)
Start importing Assets/Scenes/ForestScene.unity using Guid(82ad61c6554e35846822f8a7a457b875) Importer(815301076,1909f56bfc062723c751e8b465ee728b)  -> (artifact id: '3dcf8f16207fbf45eb23e62625ffdb97') in 0.002554 seconds 
  Import took 0.008776 seconds .

========================================================================
Received Prepare
Registering precompiled user dll's ...
Registered in 0.002828 seconds.
Begin MonoManager ReloadAssembly
Native extension for WindowsStandalone target not found
Refreshing native plugins compatible for Editor in 0.64 ms, found 3 plugins.
Preloading 0 native plugins for Editor in 0.00 ms.
Mono: successfully reloaded assembly
- Completed reload, in  0.950 seconds
Domain Reload Profiling:
	ReloadAssembly (950ms)
		BeginReloadAssembly (96ms)
			ExecutionOrderSort (0ms)
			DisableScriptedObjects (6ms)
			BackupInstance (0ms)
			ReleaseScriptingObjects (0ms)
			CreateAndSetChildDomain (30ms)
		EndReloadAssembly (802ms)
			LoadAssemblies (79ms)
			RebuildTransferFunctionScriptingTraits (0ms)
			SetupTypeCache (272ms)
			ReleaseScriptCaches (1ms)
			RebuildScriptCaches (40ms)
			SetupLoadedEditorAssemblies (277ms)
				LogAssemblyErrors (0ms)
				InitializePlatformSupportModulesInManaged (3ms)
				SetLoadedEditorAssemblies (0ms)
				RefreshPlugins (1ms)
				BeforeProcessingInitializeOnLoad (81ms)
				ProcessInitializeOnLoadAttributes (181ms)
				ProcessInitializeOnLoadMethodAttributes (5ms)
				AfterProcessingInitializeOnLoad (5ms)
				EditorAssembliesLoaded (0ms)
			ExecutionOrderSort2 (0ms)
			AwakeInstancesAfterBackupRestoration (18ms)
Platform modules already initialized, skipping
Refreshing native plugins compatible for Editor in 0.64 ms, found 3 plugins.
Preloading 0 native plugins for Editor in 0.00 ms.
Unloading 3131 Unused Serialized files (Serialized files now loaded: 0)
System memory in use before: 140.6 MB.
System memory in use after: 140.8 MB.

Unloading 15 unused Assets to reduce memory usage. Loaded Objects now: 4163.
Total: 3.225500 ms (FindLiveObjects: 0.354300 ms CreateObjectMapping: 0.129600 ms MarkObjects: 2.726700 ms  DeleteObjects: 0.014100 ms)

AssetImportParameters requested are different than current active one (requested -> active):
  custom:framework-win-MediaFoundation: 216162199b28c13a410421893ffa2e32 -> 
  custom:video-decoder-ogg-theora: a1e56fd34408186e4bbccfd4996cb3dc -> 
  custom:container-muxer-webm: aa71ff27fc2769a1b78a27578f13a17b -> 
  custom:container-demuxer-webm: 4f35f7cbe854078d1ac9338744f61a02 -> 
  custom:container-demuxer-ogg: 62fdf1f143b41e24485cea50d1cbac27 -> 
  custom:video-encoder-webm-vp8: eb34c28f22e8b96e1ab97ce403110664 -> 
  custom:video-decoder-webm-vp8: 9c59270c3fd7afecdb556c50c9e8de78 -> 
  custom:audio-decoder-ogg-vorbis: bf7c407c2cedff20999df2af8eb42d56 -> 
  custom:audio-encoder-webm-vorbis: bf7c407c2cedff20999df2af8eb42d56 -> 
========================================================================
Received Import Request.
  Time since last request: 159.861623 seconds.
  path: Assets/Scenes/MainScene.unity
  artifactKey: Guid(cd8b587273694ad48a206de66c0192f1) Importer(815301076,1909f56bfc062723c751e8b465ee728b)
Start importing Assets/Scenes/MainScene.unity using Guid(cd8b587273694ad48a206de66c0192f1) Importer(815301076,1909f56bfc062723c751e8b465ee728b)  -> (artifact id: '87e4364ab6109fcf5d681e558c3190b4') in 0.011675 seconds 
  Import took 0.016351 seconds .

========================================================================
Received Prepare
Registering precompiled user dll's ...
Registered in 0.002887 seconds.
Begin MonoManager ReloadAssembly
Native extension for WindowsStandalone target not found
Refreshing native plugins compatible for Editor in 0.66 ms, found 3 plugins.
Preloading 0 native plugins for Editor in 0.00 ms.
Mono: successfully reloaded assembly
- Completed reload, in  1.023 seconds
Domain Reload Profiling:
	ReloadAssembly (1023ms)
		BeginReloadAssembly (135ms)
			ExecutionOrderSort (0ms)
			DisableScriptedObjects (6ms)
			BackupInstance (0ms)
			ReleaseScriptingObjects (0ms)
			CreateAndSetChildDomain (38ms)
		EndReloadAssembly (836ms)
			LoadAssemblies (75ms)
			RebuildTransferFunctionScriptingTraits (0ms)
			SetupTypeCache (273ms)
			ReleaseScriptCaches (1ms)
			RebuildScriptCaches (47ms)
			SetupLoadedEditorAssemblies (288ms)
				LogAssemblyErrors (0ms)
				InitializePlatformSupportModulesInManaged (4ms)
				SetLoadedEditorAssemblies (0ms)
				RefreshPlugins (1ms)
				BeforeProcessingInitializeOnLoad (86ms)
				ProcessInitializeOnLoadAttributes (187ms)
				ProcessInitializeOnLoadMethodAttributes (5ms)
				AfterProcessingInitializeOnLoad (5ms)
				EditorAssembliesLoaded (0ms)
			ExecutionOrderSort2 (0ms)
			AwakeInstancesAfterBackupRestoration (19ms)
Platform modules already initialized, skipping
Refreshing native plugins compatible for Editor in 0.66 ms, found 3 plugins.
Preloading 0 native plugins for Editor in 0.00 ms.
Unloading 3131 Unused Serialized files (Serialized files now loaded: 0)
System memory in use before: 140.6 MB.
System memory in use after: 140.8 MB.

Unloading 15 unused Assets to reduce memory usage. Loaded Objects now: 4166.
Total: 3.149100 ms (FindLiveObjects: 0.299400 ms CreateObjectMapping: 0.119100 ms MarkObjects: 2.715600 ms  DeleteObjects: 0.014300 ms)

AssetImportParameters requested are different than current active one (requested -> active):
  custom:framework-win-MediaFoundation: 216162199b28c13a410421893ffa2e32 -> 
  custom:video-decoder-ogg-theora: a1e56fd34408186e4bbccfd4996cb3dc -> 
  custom:container-muxer-webm: aa71ff27fc2769a1b78a27578f13a17b -> 
  custom:container-demuxer-webm: 4f35f7cbe854078d1ac9338744f61a02 -> 
  custom:container-demuxer-ogg: 62fdf1f143b41e24485cea50d1cbac27 -> 
  custom:video-encoder-webm-vp8: eb34c28f22e8b96e1ab97ce403110664 -> 
  custom:video-decoder-webm-vp8: 9c59270c3fd7afecdb556c50c9e8de78 -> 
  custom:audio-decoder-ogg-vorbis: bf7c407c2cedff20999df2af8eb42d56 -> 
  custom:audio-encoder-webm-vorbis: bf7c407c2cedff20999df2af8eb42d56 -> 
========================================================================
Received Import Request.
  Time since last request: 94.914616 seconds.
  path: Assets/Scenes/SnowScene.unity
  artifactKey: Guid(63d9232e6435a2e42a0b1690950944fe) Importer(815301076,1909f56bfc062723c751e8b465ee728b)
Start importing Assets/Scenes/SnowScene.unity using Guid(63d9232e6435a2e42a0b1690950944fe) Importer(815301076,1909f56bfc062723c751e8b465ee728b)  -> (artifact id: '36d942c16cb449b824c3f2a525a91411') in 0.014443 seconds 
  Import took 0.022652 seconds .

========================================================================
Received Prepare
Registering precompiled user dll's ...
Registered in 0.002815 seconds.
Begin MonoManager ReloadAssembly
Native extension for WindowsStandalone target not found
Refreshing native plugins compatible for Editor in 0.66 ms, found 3 plugins.
Preloading 0 native plugins for Editor in 0.00 ms.
Mono: successfully reloaded assembly
- Completed reload, in  0.952 seconds
Domain Reload Profiling:
	ReloadAssembly (953ms)
		BeginReloadAssembly (100ms)
			ExecutionOrderSort (0ms)
			DisableScriptedObjects (6ms)
			BackupInstance (0ms)
			ReleaseScriptingObjects (0ms)
			CreateAndSetChildDomain (30ms)
		EndReloadAssembly (800ms)
			LoadAssemblies (74ms)
			RebuildTransferFunctionScriptingTraits (0ms)
			SetupTypeCache (262ms)
			ReleaseScriptCaches (1ms)
			RebuildScriptCaches (42ms)
			SetupLoadedEditorAssemblies (285ms)
				LogAssemblyErrors (0ms)
				InitializePlatformSupportModulesInManaged (4ms)
				SetLoadedEditorAssemblies (0ms)
				RefreshPlugins (1ms)
				BeforeProcessingInitializeOnLoad (87ms)
				ProcessInitializeOnLoadAttributes (183ms)
				ProcessInitializeOnLoadMethodAttributes (5ms)
				AfterProcessingInitializeOnLoad (5ms)
				EditorAssembliesLoaded (0ms)
			ExecutionOrderSort2 (0ms)
			AwakeInstancesAfterBackupRestoration (18ms)
Platform modules already initialized, skipping
Refreshing native plugins compatible for Editor in 0.71 ms, found 3 plugins.
Preloading 0 native plugins for Editor in 0.00 ms.
Unloading 3131 Unused Serialized files (Serialized files now loaded: 0)
System memory in use before: 140.6 MB.
System memory in use after: 140.8 MB.

Unloading 15 unused Assets to reduce memory usage. Loaded Objects now: 4169.
Total: 3.540900 ms (FindLiveObjects: 0.319200 ms CreateObjectMapping: 0.143800 ms MarkObjects: 3.059300 ms  DeleteObjects: 0.017800 ms)

AssetImportParameters requested are different than current active one (requested -> active):
  custom:framework-win-MediaFoundation: 216162199b28c13a410421893ffa2e32 -> 
  custom:video-decoder-ogg-theora: a1e56fd34408186e4bbccfd4996cb3dc -> 
  custom:container-muxer-webm: aa71ff27fc2769a1b78a27578f13a17b -> 
  custom:container-demuxer-webm: 4f35f7cbe854078d1ac9338744f61a02 -> 
  custom:container-demuxer-ogg: 62fdf1f143b41e24485cea50d1cbac27 -> 
  custom:video-encoder-webm-vp8: eb34c28f22e8b96e1ab97ce403110664 -> 
  custom:video-decoder-webm-vp8: 9c59270c3fd7afecdb556c50c9e8de78 -> 
  custom:audio-decoder-ogg-vorbis: bf7c407c2cedff20999df2af8eb42d56 -> 
  custom:audio-encoder-webm-vorbis: bf7c407c2cedff20999df2af8eb42d56 -> 
========================================================================
Received Prepare
Registering precompiled user dll's ...
Registered in 0.002830 seconds.
Begin MonoManager ReloadAssembly
Native extension for WindowsStandalone target not found
Refreshing native plugins compatible for Editor in 0.66 ms, found 3 plugins.
Preloading 0 native plugins for Editor in 0.00 ms.
Mono: successfully reloaded assembly
- Completed reload, in  0.963 seconds
Domain Reload Profiling:
	ReloadAssembly (964ms)
		BeginReloadAssembly (104ms)
			ExecutionOrderSort (0ms)
			DisableScriptedObjects (6ms)
			BackupInstance (0ms)
			ReleaseScriptingObjects (0ms)
			CreateAndSetChildDomain (30ms)
		EndReloadAssembly (807ms)
			LoadAssemblies (76ms)
			RebuildTransferFunctionScriptingTraits (0ms)
			SetupTypeCache (271ms)
			ReleaseScriptCaches (1ms)
			RebuildScriptCaches (41ms)
			SetupLoadedEditorAssemblies (281ms)
				LogAssemblyErrors (0ms)
				InitializePlatformSupportModulesInManaged (3ms)
				SetLoadedEditorAssemblies (0ms)
				RefreshPlugins (1ms)
				BeforeProcessingInitializeOnLoad (91ms)
				ProcessInitializeOnLoadAttributes (176ms)
				ProcessInitializeOnLoadMethodAttributes (5ms)
				AfterProcessingInitializeOnLoad (5ms)
				EditorAssembliesLoaded (0ms)
			ExecutionOrderSort2 (0ms)
			AwakeInstancesAfterBackupRestoration (18ms)
Platform modules already initialized, skipping
Refreshing native plugins compatible for Editor in 0.73 ms, found 3 plugins.
Preloading 0 native plugins for Editor in 0.00 ms.
Unloading 3131 Unused Serialized files (Serialized files now loaded: 0)
System memory in use before: 140.6 MB.
System memory in use after: 140.8 MB.

Unloading 15 unused Assets to reduce memory usage. Loaded Objects now: 4172.
Total: 3.742900 ms (FindLiveObjects: 0.338300 ms CreateObjectMapping: 0.124600 ms MarkObjects: 3.262500 ms  DeleteObjects: 0.016600 ms)

AssetImportParameters requested are different than current active one (requested -> active):
  custom:framework-win-MediaFoundation: 216162199b28c13a410421893ffa2e32 -> 
  custom:video-decoder-ogg-theora: a1e56fd34408186e4bbccfd4996cb3dc -> 
  custom:container-muxer-webm: aa71ff27fc2769a1b78a27578f13a17b -> 
  custom:container-demuxer-webm: 4f35f7cbe854078d1ac9338744f61a02 -> 
  custom:container-demuxer-ogg: 62fdf1f143b41e24485cea50d1cbac27 -> 
  custom:video-encoder-webm-vp8: eb34c28f22e8b96e1ab97ce403110664 -> 
  custom:video-decoder-webm-vp8: 9c59270c3fd7afecdb556c50c9e8de78 -> 
  custom:audio-decoder-ogg-vorbis: bf7c407c2cedff20999df2af8eb42d56 -> 
  custom:audio-encoder-webm-vorbis: bf7c407c2cedff20999df2af8eb42d56 -> 
========================================================================
Received Prepare
Registering precompiled user dll's ...
Registered in 0.002845 seconds.
Begin MonoManager ReloadAssembly
Native extension for WindowsStandalone target not found
Refreshing native plugins compatible for Editor in 1.23 ms, found 3 plugins.
Preloading 0 native plugins for Editor in 0.00 ms.
Mono: successfully reloaded assembly
- Completed reload, in  0.957 seconds
Domain Reload Profiling:
	ReloadAssembly (958ms)
		BeginReloadAssembly (104ms)
			ExecutionOrderSort (0ms)
			DisableScriptedObjects (6ms)
			BackupInstance (0ms)
			ReleaseScriptingObjects (0ms)
			CreateAndSetChildDomain (30ms)
		EndReloadAssembly (802ms)
			LoadAssemblies (73ms)
			RebuildTransferFunctionScriptingTraits (0ms)
			SetupTypeCache (262ms)
			ReleaseScriptCaches (1ms)
			RebuildScriptCaches (41ms)
			SetupLoadedEditorAssemblies (286ms)
				LogAssemblyErrors (0ms)
				InitializePlatformSupportModulesInManaged (4ms)
				SetLoadedEditorAssemblies (1ms)
				RefreshPlugins (1ms)
				BeforeProcessingInitializeOnLoad (90ms)
				ProcessInitializeOnLoadAttributes (180ms)
				ProcessInitializeOnLoadMethodAttributes (5ms)
				AfterProcessingInitializeOnLoad (5ms)
				EditorAssembliesLoaded (0ms)
			ExecutionOrderSort2 (0ms)
			AwakeInstancesAfterBackupRestoration (18ms)
Platform modules already initialized, skipping
Refreshing native plugins compatible for Editor in 0.71 ms, found 3 plugins.
Preloading 0 native plugins for Editor in 0.00 ms.
Unloading 3131 Unused Serialized files (Serialized files now loaded: 0)
System memory in use before: 140.6 MB.
System memory in use after: 140.9 MB.

Unloading 15 unused Assets to reduce memory usage. Loaded Objects now: 4175.
Total: 3.916900 ms (FindLiveObjects: 0.343100 ms CreateObjectMapping: 0.137200 ms MarkObjects: 3.418100 ms  DeleteObjects: 0.017700 ms)

AssetImportParameters requested are different than current active one (requested -> active):
  custom:framework-win-MediaFoundation: 216162199b28c13a410421893ffa2e32 -> 
  custom:video-decoder-ogg-theora: a1e56fd34408186e4bbccfd4996cb3dc -> 
  custom:container-muxer-webm: aa71ff27fc2769a1b78a27578f13a17b -> 
  custom:container-demuxer-webm: 4f35f7cbe854078d1ac9338744f61a02 -> 
  custom:container-demuxer-ogg: 62fdf1f143b41e24485cea50d1cbac27 -> 
  custom:video-encoder-webm-vp8: eb34c28f22e8b96e1ab97ce403110664 -> 
  custom:video-decoder-webm-vp8: 9c59270c3fd7afecdb556c50c9e8de78 -> 
  custom:audio-decoder-ogg-vorbis: bf7c407c2cedff20999df2af8eb42d56 -> 
  custom:audio-encoder-webm-vorbis: bf7c407c2cedff20999df2af8eb42d56 -> 
========================================================================
Received Prepare
Registering precompiled user dll's ...
Registered in 0.002865 seconds.
Begin MonoManager ReloadAssembly
Native extension for WindowsStandalone target not found
Refreshing native plugins compatible for Editor in 0.69 ms, found 3 plugins.
Preloading 0 native plugins for Editor in 0.00 ms.
Mono: successfully reloaded assembly
- Completed reload, in  0.964 seconds
Domain Reload Profiling:
	ReloadAssembly (965ms)
		BeginReloadAssembly (107ms)
			ExecutionOrderSort (0ms)
			DisableScriptedObjects (6ms)
			BackupInstance (0ms)
			ReleaseScriptingObjects (0ms)
			CreateAndSetChildDomain (30ms)
		EndReloadAssembly (804ms)
			LoadAssemblies (77ms)
			RebuildTransferFunctionScriptingTraits (0ms)
			SetupTypeCache (264ms)
			ReleaseScriptCaches (1ms)
			RebuildScriptCaches (45ms)
			SetupLoadedEditorAssemblies (282ms)
				LogAssemblyErrors (0ms)
				InitializePlatformSupportModulesInManaged (4ms)
				SetLoadedEditorAssemblies (1ms)
				RefreshPlugins (1ms)
				BeforeProcessingInitializeOnLoad (86ms)
				ProcessInitializeOnLoadAttributes (180ms)
				ProcessInitializeOnLoadMethodAttributes (5ms)
				AfterProcessingInitializeOnLoad (5ms)
				EditorAssembliesLoaded (0ms)
			ExecutionOrderSort2 (0ms)
			AwakeInstancesAfterBackupRestoration (18ms)
Platform modules already initialized, skipping
Refreshing native plugins compatible for Editor in 0.70 ms, found 3 plugins.
Preloading 0 native plugins for Editor in 0.00 ms.
Unloading 3131 Unused Serialized files (Serialized files now loaded: 0)
System memory in use before: 140.6 MB.
System memory in use after: 140.9 MB.

Unloading 15 unused Assets to reduce memory usage. Loaded Objects now: 4178.
Total: 3.396500 ms (FindLiveObjects: 0.332100 ms CreateObjectMapping: 0.131700 ms MarkObjects: 2.914700 ms  DeleteObjects: 0.017200 ms)

AssetImportParameters requested are different than current active one (requested -> active):
  custom:framework-win-MediaFoundation: 216162199b28c13a410421893ffa2e32 -> 
  custom:video-decoder-ogg-theora: a1e56fd34408186e4bbccfd4996cb3dc -> 
  custom:container-muxer-webm: aa71ff27fc2769a1b78a27578f13a17b -> 
  custom:container-demuxer-webm: 4f35f7cbe854078d1ac9338744f61a02 -> 
  custom:container-demuxer-ogg: 62fdf1f143b41e24485cea50d1cbac27 -> 
  custom:video-encoder-webm-vp8: eb34c28f22e8b96e1ab97ce403110664 -> 
  custom:video-decoder-webm-vp8: 9c59270c3fd7afecdb556c50c9e8de78 -> 
  custom:audio-decoder-ogg-vorbis: bf7c407c2cedff20999df2af8eb42d56 -> 
  custom:audio-encoder-webm-vorbis: bf7c407c2cedff20999df2af8eb42d56 -> 
========================================================================
Received Prepare
Registering precompiled user dll's ...
Registered in 0.004289 seconds.
Begin MonoManager ReloadAssembly
Native extension for WindowsStandalone target not found
Refreshing native plugins compatible for Editor in 0.67 ms, found 3 plugins.
Preloading 0 native plugins for Editor in 0.00 ms.
Mono: successfully reloaded assembly
- Completed reload, in  0.980 seconds
Domain Reload Profiling:
	ReloadAssembly (981ms)
		BeginReloadAssembly (111ms)
			ExecutionOrderSort (0ms)
			DisableScriptedObjects (6ms)
			BackupInstance (0ms)
			ReleaseScriptingObjects (0ms)
			CreateAndSetChildDomain (31ms)
		EndReloadAssembly (815ms)
			LoadAssemblies (81ms)
			RebuildTransferFunctionScriptingTraits (0ms)
			SetupTypeCache (276ms)
			ReleaseScriptCaches (1ms)
			RebuildScriptCaches (41ms)
			SetupLoadedEditorAssemblies (284ms)
				LogAssemblyErrors (0ms)
				InitializePlatformSupportModulesInManaged (4ms)
				SetLoadedEditorAssemblies (1ms)
				RefreshPlugins (1ms)
				BeforeProcessingInitializeOnLoad (81ms)
				ProcessInitializeOnLoadAttributes (188ms)
				ProcessInitializeOnLoadMethodAttributes (5ms)
				AfterProcessingInitializeOnLoad (5ms)
				EditorAssembliesLoaded (0ms)
			ExecutionOrderSort2 (0ms)
			AwakeInstancesAfterBackupRestoration (19ms)
Platform modules already initialized, skipping
Refreshing native plugins compatible for Editor in 0.66 ms, found 3 plugins.
Preloading 0 native plugins for Editor in 0.00 ms.
Unloading 3131 Unused Serialized files (Serialized files now loaded: 0)
System memory in use before: 140.6 MB.
System memory in use after: 140.9 MB.

Unloading 15 unused Assets to reduce memory usage. Loaded Objects now: 4181.
Total: 3.351600 ms (FindLiveObjects: 0.341400 ms CreateObjectMapping: 0.140800 ms MarkObjects: 2.853200 ms  DeleteObjects: 0.015200 ms)

AssetImportParameters requested are different than current active one (requested -> active):
  custom:framework-win-MediaFoundation: 216162199b28c13a410421893ffa2e32 -> 
  custom:video-decoder-ogg-theora: a1e56fd34408186e4bbccfd4996cb3dc -> 
  custom:container-muxer-webm: aa71ff27fc2769a1b78a27578f13a17b -> 
  custom:container-demuxer-webm: 4f35f7cbe854078d1ac9338744f61a02 -> 
  custom:container-demuxer-ogg: 62fdf1f143b41e24485cea50d1cbac27 -> 
  custom:video-encoder-webm-vp8: eb34c28f22e8b96e1ab97ce403110664 -> 
  custom:video-decoder-webm-vp8: 9c59270c3fd7afecdb556c50c9e8de78 -> 
  custom:audio-decoder-ogg-vorbis: bf7c407c2cedff20999df2af8eb42d56 -> 
  custom:audio-encoder-webm-vorbis: bf7c407c2cedff20999df2af8eb42d56 -> 
AssetImportWorkerClient::OnTransportError - code=2 error=End of file
